<?xml version="1.0" encoding="utf-8"?>
<!DOCTYPE coverage SYSTEM "http://cobertura.sourceforge.net/xml/coverage-04.dtd">
<coverage line-rate="0.648169120422801" branch-rate="0.434146341463415" lines-covered="1717" lines-valid="2649" branches-covered="267" branches-valid="615" complexity="847" version="0" timestamp="1747691633">
  <sources>
    <source>C:\Users\kalin\</source>
  </sources>
  <packages>
    <package name="Lab12" line-rate="0.454285714285714" branch-rate="0.440071556350626" complexity="608">
      <classes>
        <class name="Lab12.MyCollection`2" filename="C:\Users\kalin\source\repos\Lab12\MyCollection.cs" line-rate="0.886138613861386" branch-rate="0.84375" complexity="108">
          <methods>
            <method name="get_Capacity" signature="()" line-rate="1" branch-rate="1" complexity="1">
              <lines>
                <line number="30" hits="244" branch="false" />
              </lines>
            </method>
            <method name="get_Count" signature="()" line-rate="1" branch-rate="1" complexity="1">
              <lines>
                <line number="31" hits="58" branch="false" />
              </lines>
            </method>
            <method name="Print" signature="()" line-rate="1" branch-rate="1" complexity="8">
              <lines>
                <line number="80" hits="1" branch="false" />
                <line number="81" hits="1" branch="false" />
                <line number="82" hits="22" branch="true" condition-coverage="100% (2/2)" />
                <line number="83" hits="10" branch="false" />
                <line number="84" hits="10" branch="false" />
                <line number="85" hits="10" branch="true" condition-coverage="100% (4/4)" />
                <line number="86" hits="1" branch="false" />
                <line number="87" hits="1" branch="false" />
                <line number="88" hits="1" branch="false" />
                <line number="90" hits="9" branch="false" />
                <line number="91" hits="9" branch="false" />
                <line number="92" hits="9" branch="false" />
                <line number="93" hits="10" branch="true" condition-coverage="100% (2/2)" />
                <line number="94" hits="9" branch="false" />
                <line number="95" hits="10" branch="false" />
                <line number="96" hits="1" branch="false" />
              </lines>
            </method>
            <method name="GetIndex" signature="(...)" line-rate="1" branch-rate="1" complexity="1">
              <lines>
                <line number="99" hits="54" branch="false" />
                <line number="100" hits="54" branch="false" />
                <line number="101" hits="54" branch="false" />
              </lines>
            </method>
            <method name="AddData" signature="(...)" line-rate="0.941176470588235" branch-rate="0.785714285714286" complexity="14">
              <lines>
                <line number="104" hits="55" branch="false" />
                <line number="105" hits="56" branch="true" condition-coverage="100% (2/2)" />
                <line number="106" hits="54" branch="false" />
                <line number="107" hits="54" branch="false" />
                <line number="108" hits="54" branch="false" />
                <line number="110" hits="79" branch="true" condition-coverage="100% (4/4)" />
                <line number="111" hits="30" branch="false" />
                <line number="112" hits="30" branch="true" condition-coverage="100% (2/2)" />
                <line number="113" hits="5" branch="false" />
                <line number="114" hits="25" branch="false" />
                <line number="115" hits="25" branch="false" />
                <line number="116" hits="25" branch="true" condition-coverage="50% (1/2)" />
                <line number="117" hits="0" branch="false" />
                <line number="118" hits="25" branch="false" />
                <line number="120" hits="49" branch="true" condition-coverage="50% (2/4)" />
                <line number="121" hits="49" branch="false" />
                <line number="122" hits="49" branch="false" />
              </lines>
            </method>
            <method name="AddItem" signature="(...)" line-rate="0.25" branch-rate="0.125" complexity="8">
              <lines>
                <line number="125" hits="48" branch="false" />
                <line number="126" hits="48" branch="true" condition-coverage="50% (1/2)" />
                <line number="127" hits="0" branch="false" />
                <line number="128" hits="0" branch="false" />
                <line number="129" hits="0" branch="false" />
                <line number="130" hits="0" branch="false" />
                <line number="131" hits="0" branch="false" />
                <line number="132" hits="0" branch="false" />
                <line number="134" hits="0" branch="true" condition-coverage="0% (0/2)" />
                <line number="135" hits="0" branch="false" />
                <line number="136" hits="0" branch="true" condition-coverage="0% (0/4)" />
                <line number="137" hits="0" branch="false" />
                <line number="138" hits="0" branch="false" />
                <line number="139" hits="0" branch="false" />
                <line number="140" hits="0" branch="false" />
                <line number="141" hits="0" branch="false" />
                <line number="142" hits="0" branch="false" />
                <line number="144" hits="48" branch="false" />
                <line number="145" hits="45" branch="false" />
                <line number="146" hits="45" branch="false" />
              </lines>
            </method>
            <method name="FindByKey" signature="(...)" line-rate="0.933333333333333" branch-rate="0.875" complexity="8">
              <lines>
                <line number="149" hits="15" branch="false" />
                <line number="150" hits="15" branch="false" />
                <line number="151" hits="15" branch="false" />
                <line number="152" hits="15" branch="false" />
                <line number="154" hits="18" branch="true" condition-coverage="100% (2/2)" />
                <line number="155" hits="12" branch="false" />
                <line number="156" hits="12" branch="true" condition-coverage="75% (3/4)" />
                <line number="157" hits="9" branch="false" />
                <line number="158" hits="3" branch="false" />
                <line number="159" hits="3" branch="false" />
                <line number="160" hits="3" branch="true" condition-coverage="100% (2/2)" />
                <line number="161" hits="0" branch="false" />
                <line number="162" hits="3" branch="false" />
                <line number="163" hits="6" branch="false" />
                <line number="164" hits="15" branch="false" />
              </lines>
            </method>
            <method name="Remove" signature="(...)" line-rate="0.944444444444444" branch-rate="0.875" complexity="8">
              <lines>
                <line number="167" hits="5" branch="false" />
                <line number="168" hits="5" branch="false" />
                <line number="169" hits="5" branch="false" />
                <line number="170" hits="5" branch="false" />
                <line number="172" hits="7" branch="true" condition-coverage="100% (2/2)" />
                <line number="173" hits="5" branch="false" />
                <line number="174" hits="5" branch="true" condition-coverage="75% (3/4)" />
                <line number="175" hits="3" branch="false" />
                <line number="176" hits="3" branch="false" />
                <line number="177" hits="3" branch="false" />
                <line number="178" hits="3" branch="false" />
                <line number="180" hits="2" branch="false" />
                <line number="181" hits="2" branch="false" />
                <line number="182" hits="2" branch="true" condition-coverage="100% (2/2)" />
                <line number="183" hits="0" branch="false" />
                <line number="184" hits="2" branch="false" />
                <line number="185" hits="2" branch="false" />
                <line number="186" hits="5" branch="false" />
              </lines>
            </method>
            <method name="get_Item" signature="(...)" line-rate="1" branch-rate="1" complexity="4">
              <lines>
                <line number="192" hits="2" branch="false" />
                <line number="193" hits="2" branch="false" />
                <line number="194" hits="2" branch="true" condition-coverage="100% (4/4)" />
                <line number="195" hits="1" branch="false" />
                <line number="196" hits="1" branch="false" />
                <line number="197" hits="1" branch="false" />
              </lines>
            </method>
            <method name="set_Item" signature="(...)" line-rate="1" branch-rate="1" complexity="1">
              <lines>
                <line number="198" hits="1" branch="false" />
              </lines>
            </method>
            <method name="get_Keys" signature="()" line-rate="1" branch-rate="1" complexity="6">
              <lines>
                <line number="204" hits="1" branch="false" />
                <line number="205" hits="1" branch="false" />
                <line number="206" hits="22" branch="true" condition-coverage="100% (2/2)" />
                <line number="207" hits="10" branch="false" />
                <line number="208" hits="10" branch="true" condition-coverage="100% (4/4)" />
                <line number="209" hits="2" branch="false" />
                <line number="210" hits="10" branch="false" />
                <line number="211" hits="1" branch="false" />
                <line number="212" hits="1" branch="false" />
              </lines>
            </method>
            <method name="get_Values" signature="()" line-rate="1" branch-rate="1" complexity="6">
              <lines>
                <line number="218" hits="1" branch="false" />
                <line number="219" hits="1" branch="false" />
                <line number="220" hits="22" branch="true" condition-coverage="100% (2/2)" />
                <line number="221" hits="10" branch="false" />
                <line number="222" hits="10" branch="true" condition-coverage="100% (4/4)" />
                <line number="223" hits="2" branch="false" />
                <line number="224" hits="10" branch="false" />
                <line number="225" hits="1" branch="false" />
                <line number="226" hits="1" branch="false" />
              </lines>
            </method>
            <method name="Add" signature="(...)" line-rate="1" branch-rate="1" complexity="1">
              <lines>
                <line number="229" hits="47" branch="false" />
              </lines>
            </method>
            <method name="ContainsKey" signature="(...)" line-rate="1" branch-rate="1" complexity="1">
              <lines>
                <line number="231" hits="2" branch="false" />
              </lines>
            </method>
            <method name="TryGetValue" signature="(...)" line-rate="1" branch-rate="1" complexity="1">
              <lines>
                <line number="234" hits="2" branch="false" />
                <line number="235" hits="2" branch="false" />
                <line number="236" hits="2" branch="false" />
                <line number="237" hits="2" branch="false" />
              </lines>
            </method>
            <method name="Add" signature="(...)" line-rate="0" branch-rate="1" complexity="1">
              <lines>
                <line number="240" hits="0" branch="false" />
              </lines>
            </method>
            <method name="Clear" signature="()" line-rate="1" branch-rate="1" complexity="1">
              <lines>
                <line number="243" hits="1" branch="false" />
                <line number="244" hits="1" branch="false" />
                <line number="245" hits="1" branch="false" />
                <line number="246" hits="1" branch="false" />
                <line number="247" hits="1" branch="false" />
              </lines>
            </method>
            <method name="Contains" signature="(...)" line-rate="1" branch-rate="1" complexity="2">
              <lines>
                <line number="250" hits="3" branch="false" />
                <line number="251" hits="3" branch="false" />
                <line number="252" hits="3" branch="true" condition-coverage="100% (2/2)" />
                <line number="253" hits="3" branch="false" />
              </lines>
            </method>
            <method name="CopyTo" signature="(...)" line-rate="1" branch-rate="1" complexity="12">
              <lines>
                <line number="256" hits="4" branch="false" />
                <line number="257" hits="4" branch="true" condition-coverage="100% (2/2)" />
                <line number="258" hits="1" branch="false" />
                <line number="259" hits="3" branch="true" condition-coverage="100% (2/2)" />
                <line number="260" hits="1" branch="false" />
                <line number="261" hits="2" branch="true" condition-coverage="100% (2/2)" />
                <line number="262" hits="1" branch="false" />
                <line number="264" hits="1" branch="false" />
                <line number="265" hits="22" branch="true" condition-coverage="100% (2/2)" />
                <line number="266" hits="10" branch="false" />
                <line number="267" hits="10" branch="true" condition-coverage="100% (4/4)" />
                <line number="268" hits="1" branch="false" />
                <line number="269" hits="1" branch="false" />
                <line number="270" hits="1" branch="false" />
                <line number="271" hits="1" branch="false" />
                <line number="272" hits="10" branch="false" />
                <line number="273" hits="1" branch="false" />
              </lines>
            </method>
            <method name="Remove" signature="(...)" line-rate="1" branch-rate="1" complexity="2">
              <lines>
                <line number="276" hits="2" branch="false" />
                <line number="277" hits="2" branch="true" condition-coverage="100% (2/2)" />
                <line number="278" hits="1" branch="false" />
                <line number="279" hits="1" branch="false" />
                <line number="280" hits="2" branch="false" />
              </lines>
            </method>
            <method name="System.Collections.Generic.ICollection&lt;System.Collections.Generic.KeyValuePair&lt;TKey,TValue&gt;&gt;.get_IsReadOnly" signature="()" line-rate="0" branch-rate="1" complexity="1">
              <lines>
                <line number="282" hits="0" branch="false" />
              </lines>
            </method>
            <method name="System.Collections.IEnumerable.GetEnumerator" signature="()" line-rate="0" branch-rate="1" complexity="1">
              <lines>
                <line number="294" hits="0" branch="false" />
              </lines>
            </method>
            <method name=".ctor" signature="()" line-rate="1" branch-rate="1" complexity="1">
              <lines>
                <line number="26" hits="39" branch="false" />
                <line number="30" hits="244" branch="false" />
                <line number="31" hits="58" branch="false" />
                <line number="34" hits="35" branch="false" />
                <line number="35" hits="35" branch="false" />
                <line number="36" hits="35" branch="false" />
                <line number="37" hits="35" branch="false" />
                <line number="38" hits="35" branch="false" />
                <line number="39" hits="35" branch="false" />
              </lines>
            </method>
            <method name=".ctor" signature="(...)" line-rate="0.882352941176471" branch-rate="0.5" complexity="6">
              <lines>
                <line number="42" hits="3" branch="false" />
                <line number="43" hits="3" branch="false" />
                <line number="44" hits="3" branch="true" condition-coverage="50% (1/2)" />
                <line number="45" hits="0" branch="false" />
                <line number="46" hits="3" branch="false" />
                <line number="47" hits="3" branch="false" />
                <line number="48" hits="3" branch="false" />
                <line number="50" hits="3" branch="false" />
                <line number="51" hits="12" branch="true" condition-coverage="50% (1/2)" />
                <line number="52" hits="6" branch="false" />
                <line number="53" hits="6" branch="false" />
                <line number="54" hits="6" branch="false" />
                <line number="55" hits="6" branch="true" condition-coverage="50% (1/2)" />
                <line number="56" hits="6" branch="false" />
                <line number="57" hits="3" branch="false" />
                <line number="58" hits="3" branch="false" />
                <line number="59" hits="0" branch="false" />
              </lines>
            </method>
            <method name=".ctor" signature="(...)" line-rate="1" branch-rate="1" complexity="6">
              <lines>
                <line number="62" hits="1" branch="false" />
                <line number="63" hits="1" branch="false" />
                <line number="64" hits="1" branch="false" />
                <line number="65" hits="1" branch="false" />
                <line number="66" hits="1" branch="false" />
                <line number="67" hits="1" branch="false" />
                <line number="69" hits="22" branch="true" condition-coverage="100% (2/2)" />
                <line number="70" hits="10" branch="false" />
                <line number="71" hits="10" branch="true" condition-coverage="100% (4/4)" />
                <line number="72" hits="1" branch="false" />
                <line number="73" hits="1" branch="false" />
                <line number="74" hits="1" branch="false" />
                <line number="75" hits="1" branch="false" />
                <line number="76" hits="10" branch="false" />
                <line number="77" hits="1" branch="false" />
              </lines>
            </method>
            <method name="GetEnumerator" signature="()" line-rate="1" branch-rate="1" complexity="6">
              <lines>
                <line number="286" hits="2" branch="false" />
                <line number="287" hits="44" branch="true" condition-coverage="100% (2/2)" />
                <line number="288" hits="20" branch="false" />
                <line number="289" hits="20" branch="true" condition-coverage="100% (4/4)" />
                <line number="290" hits="2" branch="false" />
                <line number="291" hits="20" branch="false" />
                <line number="292" hits="2" branch="false" />
              </lines>
            </method>
          </methods>
          <lines>
            <line number="26" hits="39" branch="false" />
            <line number="30" hits="244" branch="false" />
            <line number="31" hits="58" branch="false" />
            <line number="34" hits="35" branch="false" />
            <line number="35" hits="35" branch="false" />
            <line number="36" hits="35" branch="false" />
            <line number="37" hits="35" branch="false" />
            <line number="38" hits="35" branch="false" />
            <line number="39" hits="35" branch="false" />
            <line number="42" hits="3" branch="false" />
            <line number="43" hits="3" branch="false" />
            <line number="44" hits="3" branch="true" condition-coverage="50% (1/2)" />
            <line number="45" hits="0" branch="false" />
            <line number="46" hits="3" branch="false" />
            <line number="47" hits="3" branch="false" />
            <line number="48" hits="3" branch="false" />
            <line number="50" hits="3" branch="false" />
            <line number="51" hits="12" branch="true" condition-coverage="50% (1/2)" />
            <line number="52" hits="6" branch="false" />
            <line number="53" hits="6" branch="false" />
            <line number="54" hits="6" branch="false" />
            <line number="55" hits="6" branch="true" condition-coverage="50% (1/2)" />
            <line number="56" hits="6" branch="false" />
            <line number="57" hits="3" branch="false" />
            <line number="58" hits="3" branch="false" />
            <line number="59" hits="0" branch="false" />
            <line number="62" hits="1" branch="false" />
            <line number="63" hits="1" branch="false" />
            <line number="64" hits="1" branch="false" />
            <line number="65" hits="1" branch="false" />
            <line number="66" hits="1" branch="false" />
            <line number="67" hits="1" branch="false" />
            <line number="69" hits="22" branch="true" condition-coverage="100% (2/2)" />
            <line number="70" hits="10" branch="false" />
            <line number="71" hits="10" branch="true" condition-coverage="100% (4/4)" />
            <line number="72" hits="1" branch="false" />
            <line number="73" hits="1" branch="false" />
            <line number="74" hits="1" branch="false" />
            <line number="75" hits="1" branch="false" />
            <line number="76" hits="10" branch="false" />
            <line number="77" hits="1" branch="false" />
            <line number="80" hits="1" branch="false" />
            <line number="81" hits="1" branch="false" />
            <line number="82" hits="22" branch="true" condition-coverage="100% (2/2)" />
            <line number="83" hits="10" branch="false" />
            <line number="84" hits="10" branch="false" />
            <line number="85" hits="10" branch="true" condition-coverage="100% (4/4)" />
            <line number="86" hits="1" branch="false" />
            <line number="87" hits="1" branch="false" />
            <line number="88" hits="1" branch="false" />
            <line number="90" hits="9" branch="false" />
            <line number="91" hits="9" branch="false" />
            <line number="92" hits="9" branch="false" />
            <line number="93" hits="10" branch="true" condition-coverage="100% (2/2)" />
            <line number="94" hits="9" branch="false" />
            <line number="95" hits="10" branch="false" />
            <line number="96" hits="1" branch="false" />
            <line number="99" hits="54" branch="false" />
            <line number="100" hits="54" branch="false" />
            <line number="101" hits="54" branch="false" />
            <line number="104" hits="55" branch="false" />
            <line number="105" hits="56" branch="true" condition-coverage="100% (2/2)" />
            <line number="106" hits="54" branch="false" />
            <line number="107" hits="54" branch="false" />
            <line number="108" hits="54" branch="false" />
            <line number="110" hits="79" branch="true" condition-coverage="100% (4/4)" />
            <line number="111" hits="30" branch="false" />
            <line number="112" hits="30" branch="true" condition-coverage="100% (2/2)" />
            <line number="113" hits="5" branch="false" />
            <line number="114" hits="25" branch="false" />
            <line number="115" hits="25" branch="false" />
            <line number="116" hits="25" branch="true" condition-coverage="50% (1/2)" />
            <line number="117" hits="0" branch="false" />
            <line number="118" hits="25" branch="false" />
            <line number="120" hits="49" branch="true" condition-coverage="50% (2/4)" />
            <line number="121" hits="49" branch="false" />
            <line number="122" hits="49" branch="false" />
            <line number="125" hits="48" branch="false" />
            <line number="126" hits="48" branch="true" condition-coverage="50% (1/2)" />
            <line number="127" hits="0" branch="false" />
            <line number="128" hits="0" branch="false" />
            <line number="129" hits="0" branch="false" />
            <line number="130" hits="0" branch="false" />
            <line number="131" hits="0" branch="false" />
            <line number="132" hits="0" branch="false" />
            <line number="134" hits="0" branch="true" condition-coverage="0% (0/2)" />
            <line number="135" hits="0" branch="false" />
            <line number="136" hits="0" branch="true" condition-coverage="0% (0/4)" />
            <line number="137" hits="0" branch="false" />
            <line number="138" hits="0" branch="false" />
            <line number="139" hits="0" branch="false" />
            <line number="140" hits="0" branch="false" />
            <line number="141" hits="0" branch="false" />
            <line number="142" hits="0" branch="false" />
            <line number="144" hits="48" branch="false" />
            <line number="145" hits="45" branch="false" />
            <line number="146" hits="45" branch="false" />
            <line number="149" hits="15" branch="false" />
            <line number="150" hits="15" branch="false" />
            <line number="151" hits="15" branch="false" />
            <line number="152" hits="15" branch="false" />
            <line number="154" hits="18" branch="true" condition-coverage="100% (2/2)" />
            <line number="155" hits="12" branch="false" />
            <line number="156" hits="12" branch="true" condition-coverage="75% (3/4)" />
            <line number="157" hits="9" branch="false" />
            <line number="158" hits="3" branch="false" />
            <line number="159" hits="3" branch="false" />
            <line number="160" hits="3" branch="true" condition-coverage="100% (2/2)" />
            <line number="161" hits="0" branch="false" />
            <line number="162" hits="3" branch="false" />
            <line number="163" hits="6" branch="false" />
            <line number="164" hits="15" branch="false" />
            <line number="167" hits="5" branch="false" />
            <line number="168" hits="5" branch="false" />
            <line number="169" hits="5" branch="false" />
            <line number="170" hits="5" branch="false" />
            <line number="172" hits="7" branch="true" condition-coverage="100% (2/2)" />
            <line number="173" hits="5" branch="false" />
            <line number="174" hits="5" branch="true" condition-coverage="75% (3/4)" />
            <line number="175" hits="3" branch="false" />
            <line number="176" hits="3" branch="false" />
            <line number="177" hits="3" branch="false" />
            <line number="178" hits="3" branch="false" />
            <line number="180" hits="2" branch="false" />
            <line number="181" hits="2" branch="false" />
            <line number="182" hits="2" branch="true" condition-coverage="100% (2/2)" />
            <line number="183" hits="0" branch="false" />
            <line number="184" hits="2" branch="false" />
            <line number="185" hits="2" branch="false" />
            <line number="186" hits="5" branch="false" />
            <line number="192" hits="2" branch="false" />
            <line number="193" hits="2" branch="false" />
            <line number="194" hits="2" branch="true" condition-coverage="100% (4/4)" />
            <line number="195" hits="1" branch="false" />
            <line number="196" hits="1" branch="false" />
            <line number="197" hits="1" branch="false" />
            <line number="198" hits="1" branch="false" />
            <line number="204" hits="1" branch="false" />
            <line number="205" hits="1" branch="false" />
            <line number="206" hits="22" branch="true" condition-coverage="100% (2/2)" />
            <line number="207" hits="10" branch="false" />
            <line number="208" hits="10" branch="true" condition-coverage="100% (4/4)" />
            <line number="209" hits="2" branch="false" />
            <line number="210" hits="10" branch="false" />
            <line number="211" hits="1" branch="false" />
            <line number="212" hits="1" branch="false" />
            <line number="218" hits="1" branch="false" />
            <line number="219" hits="1" branch="false" />
            <line number="220" hits="22" branch="true" condition-coverage="100% (2/2)" />
            <line number="221" hits="10" branch="false" />
            <line number="222" hits="10" branch="true" condition-coverage="100% (4/4)" />
            <line number="223" hits="2" branch="false" />
            <line number="224" hits="10" branch="false" />
            <line number="225" hits="1" branch="false" />
            <line number="226" hits="1" branch="false" />
            <line number="229" hits="47" branch="false" />
            <line number="231" hits="2" branch="false" />
            <line number="234" hits="2" branch="false" />
            <line number="235" hits="2" branch="false" />
            <line number="236" hits="2" branch="false" />
            <line number="237" hits="2" branch="false" />
            <line number="240" hits="0" branch="false" />
            <line number="243" hits="1" branch="false" />
            <line number="244" hits="1" branch="false" />
            <line number="245" hits="1" branch="false" />
            <line number="246" hits="1" branch="false" />
            <line number="247" hits="1" branch="false" />
            <line number="250" hits="3" branch="false" />
            <line number="251" hits="3" branch="false" />
            <line number="252" hits="3" branch="true" condition-coverage="100% (2/2)" />
            <line number="253" hits="3" branch="false" />
            <line number="256" hits="4" branch="false" />
            <line number="257" hits="4" branch="true" condition-coverage="100% (2/2)" />
            <line number="258" hits="1" branch="false" />
            <line number="259" hits="3" branch="true" condition-coverage="100% (2/2)" />
            <line number="260" hits="1" branch="false" />
            <line number="261" hits="2" branch="true" condition-coverage="100% (2/2)" />
            <line number="262" hits="1" branch="false" />
            <line number="264" hits="1" branch="false" />
            <line number="265" hits="22" branch="true" condition-coverage="100% (2/2)" />
            <line number="266" hits="10" branch="false" />
            <line number="267" hits="10" branch="true" condition-coverage="100% (4/4)" />
            <line number="268" hits="1" branch="false" />
            <line number="269" hits="1" branch="false" />
            <line number="270" hits="1" branch="false" />
            <line number="271" hits="1" branch="false" />
            <line number="272" hits="10" branch="false" />
            <line number="273" hits="1" branch="false" />
            <line number="276" hits="2" branch="false" />
            <line number="277" hits="2" branch="true" condition-coverage="100% (2/2)" />
            <line number="278" hits="1" branch="false" />
            <line number="279" hits="1" branch="false" />
            <line number="280" hits="2" branch="false" />
            <line number="282" hits="0" branch="false" />
            <line number="286" hits="2" branch="false" />
            <line number="287" hits="44" branch="true" condition-coverage="100% (2/2)" />
            <line number="288" hits="20" branch="false" />
            <line number="289" hits="20" branch="true" condition-coverage="100% (4/4)" />
            <line number="290" hits="2" branch="false" />
            <line number="291" hits="20" branch="false" />
            <line number="292" hits="2" branch="false" />
            <line number="294" hits="0" branch="false" />
          </lines>
        </class>
        <class name="Lab12.MyHashTable`2" filename="C:\Users\kalin\source\repos\Lab12\MyHashTable.cs" line-rate="0.980952380952381" branch-rate="0.934782608695652" complexity="53">
          <methods>
            <method name="get_Capacity" signature="()" line-rate="1" branch-rate="1" complexity="1">
              <lines>
                <line number="26" hits="158" branch="false" />
              </lines>
            </method>
            <method name="get_Count" signature="()" line-rate="1" branch-rate="1" complexity="1">
              <lines>
                <line number="27" hits="58" branch="false" />
              </lines>
            </method>
            <method name="Print" signature="()" line-rate="1" branch-rate="1" complexity="8">
              <lines>
                <line number="37" hits="1" branch="false" />
                <line number="38" hits="1" branch="false" />
                <line number="39" hits="8" branch="true" condition-coverage="100% (2/2)" />
                <line number="40" hits="3" branch="false" />
                <line number="41" hits="3" branch="false" />
                <line number="42" hits="3" branch="true" condition-coverage="100% (4/4)" />
                <line number="43" hits="1" branch="false" />
                <line number="44" hits="1" branch="false" />
                <line number="45" hits="1" branch="false" />
                <line number="47" hits="2" branch="false" />
                <line number="48" hits="2" branch="false" />
                <line number="49" hits="2" branch="false" />
                <line number="50" hits="3" branch="true" condition-coverage="100% (2/2)" />
                <line number="51" hits="2" branch="false" />
                <line number="52" hits="3" branch="false" />
                <line number="53" hits="1" branch="false" />
              </lines>
            </method>
            <method name="GetIndex" signature="(...)" line-rate="1" branch-rate="1" complexity="1">
              <lines>
                <line number="56" hits="57" branch="false" />
                <line number="57" hits="57" branch="false" />
                <line number="58" hits="57" branch="false" />
              </lines>
            </method>
            <method name="AddData" signature="(...)" line-rate="1" branch-rate="0.857142857142857" complexity="14">
              <lines>
                <line number="61" hits="55" branch="false" />
                <line number="62" hits="55" branch="true" condition-coverage="100% (2/2)" />
                <line number="63" hits="55" branch="false" />
                <line number="64" hits="55" branch="false" />
                <line number="65" hits="55" branch="false" />
                <line number="67" hits="66" branch="true" condition-coverage="100% (4/4)" />
                <line number="68" hits="13" branch="false" />
                <line number="69" hits="13" branch="true" condition-coverage="100% (2/2)" />
                <line number="70" hits="1" branch="false" />
                <line number="71" hits="12" branch="false" />
                <line number="72" hits="12" branch="false" />
                <line number="73" hits="12" branch="true" condition-coverage="100% (2/2)" />
                <line number="74" hits="1" branch="false" />
                <line number="75" hits="11" branch="false" />
                <line number="77" hits="54" branch="true" condition-coverage="50% (2/4)" />
                <line number="78" hits="54" branch="false" />
                <line number="79" hits="55" branch="false" />
              </lines>
            </method>
            <method name="AddItem" signature="(...)" line-rate="1" branch-rate="1" complexity="8">
              <lines>
                <line number="82" hits="47" branch="false" />
                <line number="83" hits="47" branch="true" condition-coverage="100% (2/2)" />
                <line number="84" hits="6" branch="false" />
                <line number="85" hits="6" branch="false" />
                <line number="86" hits="6" branch="false" />
                <line number="87" hits="6" branch="false" />
                <line number="88" hits="6" branch="false" />
                <line number="89" hits="6" branch="false" />
                <line number="91" hits="44" branch="true" condition-coverage="100% (2/2)" />
                <line number="92" hits="16" branch="false" />
                <line number="93" hits="16" branch="true" condition-coverage="100% (4/4)" />
                <line number="94" hits="8" branch="false" />
                <line number="95" hits="8" branch="false" />
                <line number="96" hits="8" branch="false" />
                <line number="97" hits="8" branch="false" />
                <line number="98" hits="16" branch="false" />
                <line number="99" hits="6" branch="false" />
                <line number="101" hits="47" branch="false" />
                <line number="102" hits="47" branch="false" />
                <line number="103" hits="47" branch="false" />
              </lines>
            </method>
            <method name="FindByKey" signature="(...)" line-rate="0.933333333333333" branch-rate="1" complexity="8">
              <lines>
                <line number="106" hits="14" branch="false" />
                <line number="107" hits="14" branch="false" />
                <line number="108" hits="14" branch="false" />
                <line number="109" hits="14" branch="false" />
                <line number="111" hits="19" branch="true" condition-coverage="100% (2/2)" />
                <line number="112" hits="15" branch="false" />
                <line number="113" hits="15" branch="true" condition-coverage="100% (4/4)" />
                <line number="114" hits="10" branch="false" />
                <line number="115" hits="5" branch="false" />
                <line number="116" hits="5" branch="false" />
                <line number="117" hits="5" branch="true" condition-coverage="100% (2/2)" />
                <line number="118" hits="0" branch="false" />
                <line number="119" hits="5" branch="false" />
                <line number="120" hits="4" branch="false" />
                <line number="121" hits="14" branch="false" />
              </lines>
            </method>
            <method name="RemoveByKey" signature="(...)" line-rate="0.944444444444444" branch-rate="0.875" complexity="8">
              <lines>
                <line number="124" hits="11" branch="false" />
                <line number="125" hits="11" branch="false" />
                <line number="126" hits="11" branch="false" />
                <line number="127" hits="11" branch="false" />
                <line number="129" hits="13" branch="true" condition-coverage="100% (2/2)" />
                <line number="130" hits="10" branch="false" />
                <line number="131" hits="10" branch="true" condition-coverage="75% (3/4)" />
                <line number="132" hits="8" branch="false" />
                <line number="133" hits="8" branch="false" />
                <line number="134" hits="8" branch="false" />
                <line number="135" hits="8" branch="false" />
                <line number="137" hits="2" branch="false" />
                <line number="138" hits="2" branch="false" />
                <line number="139" hits="2" branch="true" condition-coverage="100% (2/2)" />
                <line number="140" hits="0" branch="false" />
                <line number="141" hits="2" branch="false" />
                <line number="142" hits="3" branch="false" />
                <line number="143" hits="11" branch="false" />
              </lines>
            </method>
            <method name=".ctor" signature="(...)" line-rate="1" branch-rate="1" complexity="1">
              <lines>
                <line number="22" hits="33" branch="false" />
                <line number="26" hits="158" branch="false" />
                <line number="27" hits="58" branch="false" />
                <line number="29" hits="33" branch="false" />
                <line number="30" hits="33" branch="false" />
                <line number="31" hits="33" branch="false" />
                <line number="32" hits="33" branch="false" />
                <line number="33" hits="33" branch="false" />
                <line number="34" hits="33" branch="false" />
              </lines>
            </method>
            <method name="get_Key" signature="()" line-rate="1" branch-rate="1" complexity="1">
              <lines>
                <line number="11" hits="99" branch="false" />
              </lines>
            </method>
            <method name="get_Value" signature="()" line-rate="1" branch-rate="1" complexity="1">
              <lines>
                <line number="12" hits="73" branch="false" />
              </lines>
            </method>
            <method name=".ctor" signature="(...)" line-rate="1" branch-rate="1" complexity="1">
              <lines>
                <line number="14" hits="54" branch="false" />
                <line number="15" hits="54" branch="false" />
                <line number="16" hits="54" branch="false" />
                <line number="17" hits="54" branch="false" />
                <line number="18" hits="54" branch="false" />
              </lines>
            </method>
          </methods>
          <lines>
            <line number="11" hits="99" branch="false" />
            <line number="12" hits="73" branch="false" />
            <line number="14" hits="54" branch="false" />
            <line number="15" hits="54" branch="false" />
            <line number="16" hits="54" branch="false" />
            <line number="17" hits="54" branch="false" />
            <line number="18" hits="54" branch="false" />
            <line number="22" hits="33" branch="false" />
            <line number="26" hits="158" branch="false" />
            <line number="27" hits="58" branch="false" />
            <line number="29" hits="33" branch="false" />
            <line number="30" hits="33" branch="false" />
            <line number="31" hits="33" branch="false" />
            <line number="32" hits="33" branch="false" />
            <line number="33" hits="33" branch="false" />
            <line number="34" hits="33" branch="false" />
            <line number="37" hits="1" branch="false" />
            <line number="38" hits="1" branch="false" />
            <line number="39" hits="8" branch="true" condition-coverage="100% (2/2)" />
            <line number="40" hits="3" branch="false" />
            <line number="41" hits="3" branch="false" />
            <line number="42" hits="3" branch="true" condition-coverage="100% (4/4)" />
            <line number="43" hits="1" branch="false" />
            <line number="44" hits="1" branch="false" />
            <line number="45" hits="1" branch="false" />
            <line number="47" hits="2" branch="false" />
            <line number="48" hits="2" branch="false" />
            <line number="49" hits="2" branch="false" />
            <line number="50" hits="3" branch="true" condition-coverage="100% (2/2)" />
            <line number="51" hits="2" branch="false" />
            <line number="52" hits="3" branch="false" />
            <line number="53" hits="1" branch="false" />
            <line number="56" hits="57" branch="false" />
            <line number="57" hits="57" branch="false" />
            <line number="58" hits="57" branch="false" />
            <line number="61" hits="55" branch="false" />
            <line number="62" hits="55" branch="true" condition-coverage="100% (2/2)" />
            <line number="63" hits="55" branch="false" />
            <line number="64" hits="55" branch="false" />
            <line number="65" hits="55" branch="false" />
            <line number="67" hits="66" branch="true" condition-coverage="100% (4/4)" />
            <line number="68" hits="13" branch="false" />
            <line number="69" hits="13" branch="true" condition-coverage="100% (2/2)" />
            <line number="70" hits="1" branch="false" />
            <line number="71" hits="12" branch="false" />
            <line number="72" hits="12" branch="false" />
            <line number="73" hits="12" branch="true" condition-coverage="100% (2/2)" />
            <line number="74" hits="1" branch="false" />
            <line number="75" hits="11" branch="false" />
            <line number="77" hits="54" branch="true" condition-coverage="50% (2/4)" />
            <line number="78" hits="54" branch="false" />
            <line number="79" hits="55" branch="false" />
            <line number="82" hits="47" branch="false" />
            <line number="83" hits="47" branch="true" condition-coverage="100% (2/2)" />
            <line number="84" hits="6" branch="false" />
            <line number="85" hits="6" branch="false" />
            <line number="86" hits="6" branch="false" />
            <line number="87" hits="6" branch="false" />
            <line number="88" hits="6" branch="false" />
            <line number="89" hits="6" branch="false" />
            <line number="91" hits="44" branch="true" condition-coverage="100% (2/2)" />
            <line number="92" hits="16" branch="false" />
            <line number="93" hits="16" branch="true" condition-coverage="100% (4/4)" />
            <line number="94" hits="8" branch="false" />
            <line number="95" hits="8" branch="false" />
            <line number="96" hits="8" branch="false" />
            <line number="97" hits="8" branch="false" />
            <line number="98" hits="16" branch="false" />
            <line number="99" hits="6" branch="false" />
            <line number="101" hits="47" branch="false" />
            <line number="102" hits="47" branch="false" />
            <line number="103" hits="47" branch="false" />
            <line number="106" hits="14" branch="false" />
            <line number="107" hits="14" branch="false" />
            <line number="108" hits="14" branch="false" />
            <line number="109" hits="14" branch="false" />
            <line number="111" hits="19" branch="true" condition-coverage="100% (2/2)" />
            <line number="112" hits="15" branch="false" />
            <line number="113" hits="15" branch="true" condition-coverage="100% (4/4)" />
            <line number="114" hits="10" branch="false" />
            <line number="115" hits="5" branch="false" />
            <line number="116" hits="5" branch="false" />
            <line number="117" hits="5" branch="true" condition-coverage="100% (2/2)" />
            <line number="118" hits="0" branch="false" />
            <line number="119" hits="5" branch="false" />
            <line number="120" hits="4" branch="false" />
            <line number="121" hits="14" branch="false" />
            <line number="124" hits="11" branch="false" />
            <line number="125" hits="11" branch="false" />
            <line number="126" hits="11" branch="false" />
            <line number="127" hits="11" branch="false" />
            <line number="129" hits="13" branch="true" condition-coverage="100% (2/2)" />
            <line number="130" hits="10" branch="false" />
            <line number="131" hits="10" branch="true" condition-coverage="75% (3/4)" />
            <line number="132" hits="8" branch="false" />
            <line number="133" hits="8" branch="false" />
            <line number="134" hits="8" branch="false" />
            <line number="135" hits="8" branch="false" />
            <line number="137" hits="2" branch="false" />
            <line number="138" hits="2" branch="false" />
            <line number="139" hits="2" branch="true" condition-coverage="100% (2/2)" />
            <line number="140" hits="0" branch="false" />
            <line number="141" hits="2" branch="false" />
            <line number="142" hits="3" branch="false" />
            <line number="143" hits="11" branch="false" />
          </lines>
        </class>
        <class name="Lab12.MyList`1" filename="C:\Users\kalin\source\repos\Lab12\MyList.cs" line-rate="0.938271604938272" branch-rate="0.830188679245283" complexity="56">
          <methods>
            <method name="get_Count" signature="()" line-rate="1" branch-rate="1" complexity="1">
              <lines>
                <line number="14" hits="17" branch="false" />
              </lines>
            </method>
            <method name="Add" signature="(...)" line-rate="1" branch-rate="0.75" complexity="4">
              <lines>
                <line number="50" hits="41" branch="false" />
                <line number="51" hits="41" branch="true" condition-coverage="50% (1/2)" />
                <line number="52" hits="41" branch="false" />
                <line number="53" hits="41" branch="false" />
                <line number="54" hits="41" branch="true" condition-coverage="100% (2/2)" />
                <line number="55" hits="30" branch="false" />
                <line number="56" hits="30" branch="false" />
                <line number="57" hits="30" branch="false" />
                <line number="58" hits="30" branch="false" />
                <line number="60" hits="11" branch="false" />
                <line number="61" hits="11" branch="false" />
                <line number="62" hits="11" branch="false" />
                <line number="63" hits="11" branch="false" />
                <line number="64" hits="11" branch="false" />
                <line number="65" hits="41" branch="false" />
                <line number="66" hits="41" branch="false" />
              </lines>
            </method>
            <method name="Remove" signature="(...)" line-rate="1" branch-rate="0.928571428571429" complexity="14">
              <lines>
                <line number="69" hits="9" branch="false" />
                <line number="70" hits="9" branch="true" condition-coverage="50% (1/2)" />
                <line number="71" hits="9" branch="false" />
                <line number="72" hits="11" branch="true" condition-coverage="100% (2/2)" />
                <line number="73" hits="10" branch="false" />
                <line number="74" hits="10" branch="true" condition-coverage="100% (2/2)" />
                <line number="75" hits="8" branch="false" />
                <line number="76" hits="8" branch="true" condition-coverage="100% (2/2)" />
                <line number="77" hits="6" branch="false" />
                <line number="78" hits="6" branch="false" />
                <line number="79" hits="6" branch="true" condition-coverage="100% (2/2)" />
                <line number="80" hits="2" branch="false" />
                <line number="82" hits="4" branch="false" />
                <line number="83" hits="6" branch="false" />
                <line number="84" hits="2" branch="true" condition-coverage="100% (2/2)" />
                <line number="85" hits="1" branch="false" />
                <line number="86" hits="1" branch="false" />
                <line number="87" hits="1" branch="true" condition-coverage="100% (2/2)" />
                <line number="88" hits="1" branch="false" />
                <line number="89" hits="1" branch="false" />
                <line number="91" hits="1" branch="false" />
                <line number="92" hits="1" branch="false" />
                <line number="93" hits="1" branch="false" />
                <line number="94" hits="1" branch="false" />
                <line number="95" hits="8" branch="false" />
                <line number="96" hits="8" branch="false" />
                <line number="98" hits="2" branch="false" />
                <line number="99" hits="2" branch="false" />
                <line number="100" hits="1" branch="false" />
                <line number="101" hits="9" branch="false" />
              </lines>
            </method>
            <method name="RemoveByName" signature="(...)" line-rate="1" branch-rate="0.875" complexity="8">
              <lines>
                <line number="104" hits="5" branch="false" />
                <line number="105" hits="6" branch="true" condition-coverage="100% (2/2)" />
                <line number="106" hits="4" branch="false" />
                <line number="107" hits="4" branch="false" />
                <line number="108" hits="8" branch="true" condition-coverage="100% (2/2)" />
                <line number="109" hits="4" branch="false" />
                <line number="110" hits="4" branch="false" />
                <line number="111" hits="4" branch="true" condition-coverage="75% (3/4)" />
                <line number="112" hits="3" branch="false" />
                <line number="113" hits="3" branch="false" />
                <line number="114" hits="3" branch="false" />
                <line number="115" hits="3" branch="false" />
                <line number="116" hits="4" branch="false" />
                <line number="117" hits="4" branch="false" />
                <line number="118" hits="4" branch="false" />
                <line number="119" hits="5" branch="false" />
              </lines>
            </method>
            <method name="AddKToStart" signature="(...)" line-rate="0.896551724137931" branch-rate="0.727272727272727" complexity="11">
              <lines>
                <line number="122" hits="5" branch="false" />
                <line number="123" hits="6" branch="true" condition-coverage="100% (2/2)" />
                <line number="124" hits="4" branch="false" />
                <line number="125" hits="18" branch="true" condition-coverage="100% (2/2)" />
                <line number="126" hits="5" branch="false" />
                <line number="127" hits="5" branch="false" />
                <line number="128" hits="5" branch="true" condition-coverage="40% (2/5)" />
                <line number="129" hits="5" branch="false" />
                <line number="130" hits="2" branch="false" />
                <line number="131" hits="0" branch="false" />
                <line number="132" hits="0" branch="false" />
                <line number="133" hits="3" branch="false" />
                <line number="134" hits="0" branch="false" />
                <line number="135" hits="5" branch="false" />
                <line number="136" hits="5" branch="false" />
                <line number="137" hits="5" branch="false" />
                <line number="138" hits="5" branch="true" condition-coverage="100% (2/2)" />
                <line number="139" hits="3" branch="false" />
                <line number="140" hits="3" branch="false" />
                <line number="141" hits="3" branch="false" />
                <line number="142" hits="3" branch="false" />
                <line number="144" hits="2" branch="false" />
                <line number="145" hits="2" branch="false" />
                <line number="146" hits="2" branch="false" />
                <line number="147" hits="2" branch="false" />
                <line number="148" hits="2" branch="false" />
                <line number="149" hits="5" branch="false" />
                <line number="150" hits="5" branch="false" />
                <line number="151" hits="5" branch="false" />
              </lines>
            </method>
            <method name="DeepCopyList" signature="()" line-rate="1" branch-rate="1" complexity="2">
              <lines>
                <line number="154" hits="4" branch="false" />
                <line number="155" hits="4" branch="false" />
                <line number="156" hits="4" branch="false" />
                <line number="157" hits="7" branch="true" condition-coverage="100% (2/2)" />
                <line number="158" hits="3" branch="false" />
                <line number="159" hits="3" branch="false" />
                <line number="160" hits="3" branch="false" />
                <line number="161" hits="3" branch="false" />
                <line number="162" hits="3" branch="false" />
                <line number="163" hits="4" branch="false" />
                <line number="164" hits="4" branch="false" />
              </lines>
            </method>
            <method name="DeleteList" signature="()" line-rate="0.882352941176471" branch-rate="0.75" complexity="4">
              <lines>
                <line number="167" hits="3" branch="false" />
                <line number="168" hits="3" branch="true" condition-coverage="50% (1/2)" />
                <line number="169" hits="0" branch="false" />
                <line number="170" hits="0" branch="false" />
                <line number="172" hits="3" branch="false" />
                <line number="173" hits="6" branch="true" condition-coverage="100% (2/2)" />
                <line number="174" hits="3" branch="false" />
                <line number="175" hits="3" branch="false" />
                <line number="176" hits="3" branch="false" />
                <line number="177" hits="3" branch="false" />
                <line number="178" hits="3" branch="false" />
                <line number="179" hits="3" branch="false" />
                <line number="180" hits="3" branch="false" />
                <line number="181" hits="3" branch="false" />
                <line number="182" hits="3" branch="false" />
                <line number="183" hits="3" branch="false" />
                <line number="184" hits="3" branch="false" />
              </lines>
            </method>
            <method name="System.Collections.IEnumerable.GetEnumerator" signature="()" line-rate="0" branch-rate="1" complexity="1">
              <lines>
                <line number="197" hits="0" branch="false" />
                <line number="198" hits="0" branch="false" />
                <line number="199" hits="0" branch="false" />
              </lines>
            </method>
            <method name=".ctor" signature="()" line-rate="1" branch-rate="1" complexity="1">
              <lines>
                <line number="10" hits="43" branch="false" />
                <line number="11" hits="43" branch="false" />
                <line number="12" hits="43" branch="false" />
                <line number="14" hits="17" branch="false" />
                <line number="16" hits="38" branch="false" />
                <line number="17" hits="38" branch="false" />
                <line number="18" hits="38" branch="false" />
                <line number="19" hits="38" branch="false" />
              </lines>
            </method>
            <method name=".ctor" signature="(...)" line-rate="0.857142857142857" branch-rate="0.75" complexity="4">
              <lines>
                <line number="21" hits="3" branch="false" />
                <line number="22" hits="3" branch="false" />
                <line number="23" hits="14" branch="true" condition-coverage="100% (2/2)" />
                <line number="24" hits="4" branch="false" />
                <line number="25" hits="4" branch="true" condition-coverage="50% (1/2)" />
                <line number="26" hits="4" branch="false" />
                <line number="27" hits="4" branch="false" />
                <line number="28" hits="4" branch="false" />
                <line number="29" hits="4" branch="false" />
                <line number="30" hits="4" branch="false" />
                <line number="32" hits="0" branch="false" />
                <line number="33" hits="0" branch="false" />
                <line number="35" hits="4" branch="false" />
                <line number="36" hits="3" branch="false" />
              </lines>
            </method>
            <method name=".ctor" signature="(...)" line-rate="1" branch-rate="0.75" complexity="4">
              <lines>
                <line number="38" hits="2" branch="false" />
                <line number="39" hits="2" branch="false" />
                <line number="40" hits="2" branch="true" condition-coverage="50% (1/2)" />
                <line number="41" hits="3" branch="true" condition-coverage="100% (2/2)" />
                <line number="42" hits="1" branch="false" />
                <line number="43" hits="1" branch="false" />
                <line number="44" hits="1" branch="false" />
                <line number="45" hits="1" branch="false" />
                <line number="46" hits="1" branch="false" />
                <line number="47" hits="2" branch="false" />
              </lines>
            </method>
            <method name="GetEnumerator" signature="()" line-rate="1" branch-rate="1" complexity="2">
              <lines>
                <line number="187" hits="3" branch="false" />
                <line number="188" hits="3" branch="false" />
                <line number="189" hits="5" branch="true" condition-coverage="100% (2/2)" />
                <line number="190" hits="3" branch="false" />
                <line number="191" hits="3" branch="false" />
                <line number="192" hits="2" branch="false" />
                <line number="193" hits="2" branch="false" />
                <line number="194" hits="2" branch="false" />
              </lines>
            </method>
          </methods>
          <lines>
            <line number="10" hits="43" branch="false" />
            <line number="11" hits="43" branch="false" />
            <line number="12" hits="43" branch="false" />
            <line number="14" hits="17" branch="false" />
            <line number="16" hits="38" branch="false" />
            <line number="17" hits="38" branch="false" />
            <line number="18" hits="38" branch="false" />
            <line number="19" hits="38" branch="false" />
            <line number="21" hits="3" branch="false" />
            <line number="22" hits="3" branch="false" />
            <line number="23" hits="14" branch="true" condition-coverage="100% (2/2)" />
            <line number="24" hits="4" branch="false" />
            <line number="25" hits="4" branch="true" condition-coverage="50% (1/2)" />
            <line number="26" hits="4" branch="false" />
            <line number="27" hits="4" branch="false" />
            <line number="28" hits="4" branch="false" />
            <line number="29" hits="4" branch="false" />
            <line number="30" hits="4" branch="false" />
            <line number="32" hits="0" branch="false" />
            <line number="33" hits="0" branch="false" />
            <line number="35" hits="4" branch="false" />
            <line number="36" hits="3" branch="false" />
            <line number="38" hits="2" branch="false" />
            <line number="39" hits="2" branch="false" />
            <line number="40" hits="2" branch="true" condition-coverage="50% (1/2)" />
            <line number="41" hits="3" branch="true" condition-coverage="100% (2/2)" />
            <line number="42" hits="1" branch="false" />
            <line number="43" hits="1" branch="false" />
            <line number="44" hits="1" branch="false" />
            <line number="45" hits="1" branch="false" />
            <line number="46" hits="1" branch="false" />
            <line number="47" hits="2" branch="false" />
            <line number="50" hits="41" branch="false" />
            <line number="51" hits="41" branch="true" condition-coverage="50% (1/2)" />
            <line number="52" hits="41" branch="false" />
            <line number="53" hits="41" branch="false" />
            <line number="54" hits="41" branch="true" condition-coverage="100% (2/2)" />
            <line number="55" hits="30" branch="false" />
            <line number="56" hits="30" branch="false" />
            <line number="57" hits="30" branch="false" />
            <line number="58" hits="30" branch="false" />
            <line number="60" hits="11" branch="false" />
            <line number="61" hits="11" branch="false" />
            <line number="62" hits="11" branch="false" />
            <line number="63" hits="11" branch="false" />
            <line number="64" hits="11" branch="false" />
            <line number="65" hits="41" branch="false" />
            <line number="66" hits="41" branch="false" />
            <line number="69" hits="9" branch="false" />
            <line number="70" hits="9" branch="true" condition-coverage="50% (1/2)" />
            <line number="71" hits="9" branch="false" />
            <line number="72" hits="11" branch="true" condition-coverage="100% (2/2)" />
            <line number="73" hits="10" branch="false" />
            <line number="74" hits="10" branch="true" condition-coverage="100% (2/2)" />
            <line number="75" hits="8" branch="false" />
            <line number="76" hits="8" branch="true" condition-coverage="100% (2/2)" />
            <line number="77" hits="6" branch="false" />
            <line number="78" hits="6" branch="false" />
            <line number="79" hits="6" branch="true" condition-coverage="100% (2/2)" />
            <line number="80" hits="2" branch="false" />
            <line number="82" hits="4" branch="false" />
            <line number="83" hits="6" branch="false" />
            <line number="84" hits="2" branch="true" condition-coverage="100% (2/2)" />
            <line number="85" hits="1" branch="false" />
            <line number="86" hits="1" branch="false" />
            <line number="87" hits="1" branch="true" condition-coverage="100% (2/2)" />
            <line number="88" hits="1" branch="false" />
            <line number="89" hits="1" branch="false" />
            <line number="91" hits="1" branch="false" />
            <line number="92" hits="1" branch="false" />
            <line number="93" hits="1" branch="false" />
            <line number="94" hits="1" branch="false" />
            <line number="95" hits="8" branch="false" />
            <line number="96" hits="8" branch="false" />
            <line number="98" hits="2" branch="false" />
            <line number="99" hits="2" branch="false" />
            <line number="100" hits="1" branch="false" />
            <line number="101" hits="9" branch="false" />
            <line number="104" hits="5" branch="false" />
            <line number="105" hits="6" branch="true" condition-coverage="100% (2/2)" />
            <line number="106" hits="4" branch="false" />
            <line number="107" hits="4" branch="false" />
            <line number="108" hits="8" branch="true" condition-coverage="100% (2/2)" />
            <line number="109" hits="4" branch="false" />
            <line number="110" hits="4" branch="false" />
            <line number="111" hits="4" branch="true" condition-coverage="75% (3/4)" />
            <line number="112" hits="3" branch="false" />
            <line number="113" hits="3" branch="false" />
            <line number="114" hits="3" branch="false" />
            <line number="115" hits="3" branch="false" />
            <line number="116" hits="4" branch="false" />
            <line number="117" hits="4" branch="false" />
            <line number="118" hits="4" branch="false" />
            <line number="119" hits="5" branch="false" />
            <line number="122" hits="5" branch="false" />
            <line number="123" hits="6" branch="true" condition-coverage="100% (2/2)" />
            <line number="124" hits="4" branch="false" />
            <line number="125" hits="18" branch="true" condition-coverage="100% (2/2)" />
            <line number="126" hits="5" branch="false" />
            <line number="127" hits="5" branch="false" />
            <line number="128" hits="5" branch="true" condition-coverage="40% (2/5)" />
            <line number="129" hits="5" branch="false" />
            <line number="130" hits="2" branch="false" />
            <line number="131" hits="0" branch="false" />
            <line number="132" hits="0" branch="false" />
            <line number="133" hits="3" branch="false" />
            <line number="134" hits="0" branch="false" />
            <line number="135" hits="5" branch="false" />
            <line number="136" hits="5" branch="false" />
            <line number="137" hits="5" branch="false" />
            <line number="138" hits="5" branch="true" condition-coverage="100% (2/2)" />
            <line number="139" hits="3" branch="false" />
            <line number="140" hits="3" branch="false" />
            <line number="141" hits="3" branch="false" />
            <line number="142" hits="3" branch="false" />
            <line number="144" hits="2" branch="false" />
            <line number="145" hits="2" branch="false" />
            <line number="146" hits="2" branch="false" />
            <line number="147" hits="2" branch="false" />
            <line number="148" hits="2" branch="false" />
            <line number="149" hits="5" branch="false" />
            <line number="150" hits="5" branch="false" />
            <line number="151" hits="5" branch="false" />
            <line number="154" hits="4" branch="false" />
            <line number="155" hits="4" branch="false" />
            <line number="156" hits="4" branch="false" />
            <line number="157" hits="7" branch="true" condition-coverage="100% (2/2)" />
            <line number="158" hits="3" branch="false" />
            <line number="159" hits="3" branch="false" />
            <line number="160" hits="3" branch="false" />
            <line number="161" hits="3" branch="false" />
            <line number="162" hits="3" branch="false" />
            <line number="163" hits="4" branch="false" />
            <line number="164" hits="4" branch="false" />
            <line number="167" hits="3" branch="false" />
            <line number="168" hits="3" branch="true" condition-coverage="50% (1/2)" />
            <line number="169" hits="0" branch="false" />
            <line number="170" hits="0" branch="false" />
            <line number="172" hits="3" branch="false" />
            <line number="173" hits="6" branch="true" condition-coverage="100% (2/2)" />
            <line number="174" hits="3" branch="false" />
            <line number="175" hits="3" branch="false" />
            <line number="176" hits="3" branch="false" />
            <line number="177" hits="3" branch="false" />
            <line number="178" hits="3" branch="false" />
            <line number="179" hits="3" branch="false" />
            <line number="180" hits="3" branch="false" />
            <line number="181" hits="3" branch="false" />
            <line number="182" hits="3" branch="false" />
            <line number="183" hits="3" branch="false" />
            <line number="184" hits="3" branch="false" />
            <line number="187" hits="3" branch="false" />
            <line number="188" hits="3" branch="false" />
            <line number="189" hits="5" branch="true" condition-coverage="100% (2/2)" />
            <line number="190" hits="3" branch="false" />
            <line number="191" hits="3" branch="false" />
            <line number="192" hits="2" branch="false" />
            <line number="193" hits="2" branch="false" />
            <line number="194" hits="2" branch="false" />
            <line number="197" hits="0" branch="false" />
            <line number="198" hits="0" branch="false" />
            <line number="199" hits="0" branch="false" />
          </lines>
        </class>
        <class name="Lab12.MyTree`1" filename="C:\Users\kalin\source\repos\Lab12\MyTree.cs" line-rate="0.702564102564103" branch-rate="0.60377358490566" complexity="113">
          <methods>
            <method name="get_Count" signature="()" line-rate="1" branch-rate="1" complexity="1">
              <lines>
                <line number="10" hits="6" branch="false" />
              </lines>
            </method>
            <method name="MakeBalancedTree" signature="(...)" line-rate="1" branch-rate="1" complexity="2">
              <lines>
                <line number="25" hits="57" branch="false" />
                <line number="26" hits="90" branch="true" condition-coverage="100% (2/2)" />
                <line number="28" hits="24" branch="false" />
                <line number="29" hits="24" branch="false" />
                <line number="30" hits="24" branch="false" />
                <line number="32" hits="24" branch="false" />
                <line number="33" hits="24" branch="false" />
                <line number="34" hits="24" branch="false" />
                <line number="36" hits="24" branch="false" />
                <line number="37" hits="57" branch="false" />
              </lines>
            </method>
            <method name="ShowTree" signature="()" line-rate="0.571428571428571" branch-rate="0.5" complexity="2">
              <lines>
                <line number="41" hits="1" branch="false" />
                <line number="42" hits="1" branch="true" condition-coverage="50% (1/2)" />
                <line number="43" hits="0" branch="false" />
                <line number="44" hits="0" branch="false" />
                <line number="45" hits="0" branch="false" />
                <line number="47" hits="1" branch="false" />
                <line number="48" hits="1" branch="false" />
              </lines>
            </method>
            <method name="Show" signature="(...)" line-rate="1" branch-rate="0.857142857142857" complexity="14">
              <lines>
                <line number="52" hits="3" branch="false" />
                <line number="53" hits="3" branch="true" condition-coverage="100% (2/2)" />
                <line number="54" hits="3" branch="false" />
                <line number="55" hits="3" branch="true" condition-coverage="100% (2/2)" />
                <line number="56" hits="1" branch="false" />
                <line number="57" hits="1" branch="true" condition-coverage="50% (1/2)" />
                <line number="58" hits="1" branch="false" />
                <line number="60" hits="3" branch="false" />
                <line number="61" hits="3" branch="true" condition-coverage="100% (2/2)" />
                <line number="62" hits="2" branch="false" />
                <line number="63" hits="2" branch="true" condition-coverage="100% (2/2)" />
                <line number="64" hits="2" branch="false" />
                <line number="65" hits="3" branch="false" />
                <line number="67" hits="3" branch="true" condition-coverage="100% (2/2)" />
                <line number="68" hits="1" branch="false" />
                <line number="69" hits="1" branch="true" condition-coverage="50% (1/2)" />
                <line number="70" hits="1" branch="false" />
                <line number="71" hits="3" branch="false" />
                <line number="72" hits="3" branch="false" />
              </lines>
            </method>
            <method name="GetHeight" signature="(...)" line-rate="1" branch-rate="1" complexity="2">
              <lines>
                <line number="76" hits="88" branch="false" />
                <line number="77" hits="88" branch="true" condition-coverage="100% (2/2)" />
                <line number="78" hits="88" branch="false" />
              </lines>
            </method>
            <method name="GetBalance" signature="(...)" line-rate="1" branch-rate="0.5" complexity="2">
              <lines>
                <line number="82" hits="10" branch="false" />
                <line number="83" hits="10" branch="true" condition-coverage="50% (1/2)" />
                <line number="84" hits="10" branch="false" />
                <line number="85" hits="10" branch="false" />
              </lines>
            </method>
            <method name="RightRotate" signature="(...)" line-rate="0" branch-rate="1" complexity="1">
              <lines>
                <line number="89" hits="0" branch="false" />
                <line number="90" hits="0" branch="false" />
                <line number="91" hits="0" branch="false" />
                <line number="94" hits="0" branch="false" />
                <line number="95" hits="0" branch="false" />
                <line number="97" hits="0" branch="false" />
                <line number="98" hits="0" branch="false" />
                <line number="100" hits="0" branch="false" />
                <line number="101" hits="0" branch="false" />
              </lines>
            </method>
            <method name="LeftRotate" signature="(...)" line-rate="0" branch-rate="1" complexity="1">
              <lines>
                <line number="105" hits="0" branch="false" />
                <line number="106" hits="0" branch="false" />
                <line number="107" hits="0" branch="false" />
                <line number="109" hits="0" branch="false" />
                <line number="110" hits="0" branch="false" />
                <line number="112" hits="0" branch="false" />
                <line number="113" hits="0" branch="false" />
                <line number="115" hits="0" branch="false" />
                <line number="116" hits="0" branch="false" />
              </lines>
            </method>
            <method name="AddPoint" signature="(...)" line-rate="1" branch-rate="1" complexity="1">
              <lines>
                <line number="120" hits="10" branch="false" />
                <line number="121" hits="10" branch="false" />
                <line number="122" hits="10" branch="false" />
                <line number="123" hits="10" branch="false" />
              </lines>
            </method>
            <method name="Insert" signature="(...)" line-rate="0.64" branch-rate="0.46875" complexity="32">
              <lines>
                <line number="127" hits="14" branch="false" />
                <line number="128" hits="14" branch="true" condition-coverage="100% (2/2)" />
                <line number="129" hits="10" branch="false" />
                <line number="131" hits="4" branch="true" condition-coverage="100% (2/2)" />
                <line number="132" hits="4" branch="true" condition-coverage="100% (2/2)" />
                <line number="133" hits="2" branch="false" />
                <line number="134" hits="2" branch="true" condition-coverage="50% (1/2)" />
                <line number="135" hits="2" branch="false" />
                <line number="137" hits="0" branch="false" />
                <line number="140" hits="4" branch="false" />
                <line number="143" hits="4" branch="false" />
                <line number="146" hits="4" branch="true" condition-coverage="33% (2/6)" />
                <line number="147" hits="0" branch="false" />
                <line number="150" hits="4" branch="true" condition-coverage="33% (2/6)" />
                <line number="151" hits="0" branch="false" />
                <line number="154" hits="4" branch="true" condition-coverage="33% (2/6)" />
                <line number="155" hits="0" branch="false" />
                <line number="156" hits="0" branch="false" />
                <line number="157" hits="0" branch="false" />
                <line number="161" hits="4" branch="true" condition-coverage="33% (2/6)" />
                <line number="162" hits="0" branch="false" />
                <line number="163" hits="0" branch="false" />
                <line number="164" hits="0" branch="false" />
                <line number="167" hits="4" branch="false" />
                <line number="168" hits="14" branch="false" />
              </lines>
            </method>
            <method name="TransformToSearchTree" signature="()" line-rate="1" branch-rate="1" complexity="2">
              <lines>
                <line number="172" hits="3" branch="false" />
                <line number="173" hits="3" branch="false" />
                <line number="174" hits="3" branch="false" />
                <line number="175" hits="3" branch="false" />
                <line number="177" hits="3" branch="false" />
                <line number="178" hits="16" branch="true" condition-coverage="100% (2/2)" />
                <line number="179" hits="5" branch="false" />
[...]
                <line number="118" hits="0" branch="false" />
              </lines>
            </method>
            <method name="RandomInit" signature="()" line-rate="1" branch-rate="1" complexity="1">
              <lines>
                <line number="121" hits="19" branch="false" />
                <line number="122" hits="19" branch="false" />
                <line number="123" hits="19" branch="false" />
                <line number="124" hits="19" branch="false" />
              </lines>
            </method>
            <method name="Equals" signature="(...)" line-rate="0.833333333333333" branch-rate="0.666666666666667" complexity="6">
              <lines>
                <line number="127" hits="11" branch="false" />
                <line number="128" hits="11" branch="true" condition-coverage="50% (2/4)" />
                <line number="129" hits="0" branch="false" />
                <line number="130" hits="11" branch="false" />
                <line number="131" hits="11" branch="true" condition-coverage="100% (2/2)" />
                <line number="132" hits="11" branch="false" />
              </lines>
            </method>
            <method name="CompareTo" signature="(...)" line-rate="1" branch-rate="1" complexity="1">
              <lines>
                <line number="135" hits="10" branch="false" />
                <line number="136" hits="10" branch="false" />
                <line number="137" hits="10" branch="false" />
              </lines>
            </method>
            <method name="ToString" signature="()" line-rate="1" branch-rate="1" complexity="1">
              <lines>
                <line number="140" hits="10" branch="false" />
                <line number="141" hits="10" branch="false" />
                <line number="142" hits="10" branch="false" />
              </lines>
            </method>
            <method name="Clone" signature="()" line-rate="1" branch-rate="1" complexity="2">
              <lines>
                <line number="145" hits="179" branch="false" />
                <line number="146" hits="179" branch="false" />
                <line number="147" hits="179" branch="true" condition-coverage="100% (2/2)" />
                <line number="148" hits="179" branch="false" />
                <line number="149" hits="179" branch="false" />
                <line number="150" hits="179" branch="false" />
                <line number="151" hits="179" branch="false" />
                <line number="152" hits="179" branch="false" />
              </lines>
            </method>
            <method name=".ctor" signature="(...)" line-rate="1" branch-rate="1" complexity="1">
              <lines>
                <line number="96" hits="355" branch="false" />
                <line number="97" hits="355" branch="false" />
                <line number="98" hits="355" branch="false" />
                <line number="99" hits="355" branch="false" />
                <line number="100" hits="355" branch="false" />
                <line number="101" hits="355" branch="false" />
              </lines>
            </method>
            <method name=".ctor" signature="()" line-rate="1" branch-rate="1" complexity="1">
              <lines>
                <line number="103" hits="16" branch="false" />
                <line number="104" hits="16" branch="false" />
                <line number="105" hits="16" branch="false" />
              </lines>
            </method>
            <method name=".cctor" signature="()" line-rate="1" branch-rate="1" complexity="1">
              <lines>
                <line number="69" hits="1" branch="false" />
              </lines>
            </method>
          </methods>
          <lines>
            <line number="69" hits="1" branch="false" />
            <line number="70" hits="1273" branch="false" />
            <line number="74" hits="762" branch="false" />
            <line number="76" hits="377" branch="false" />
            <line number="77" hits="377" branch="true" condition-coverage="50% (1/2)" />
            <line number="78" hits="377" branch="false" />
            <line number="80" hits="0" branch="false" />
            <line number="81" hits="377" branch="false" />
            <line number="86" hits="633" branch="false" />
            <line number="88" hits="374" branch="false" />
            <line number="89" hits="374" branch="true" condition-coverage="50% (1/2)" />
            <line number="90" hits="374" branch="false" />
            <line number="92" hits="0" branch="false" />
            <line number="93" hits="374" branch="false" />
            <line number="96" hits="355" branch="false" />
            <line number="97" hits="355" branch="false" />
            <line number="98" hits="355" branch="false" />
            <line number="99" hits="355" branch="false" />
            <line number="100" hits="355" branch="false" />
            <line number="101" hits="355" branch="false" />
            <line number="103" hits="16" branch="false" />
            <line number="104" hits="16" branch="false" />
            <line number="105" hits="16" branch="false" />
            <line number="108" hits="0" branch="false" />
            <line number="109" hits="0" branch="false" />
            <line number="110" hits="0" branch="false" />
            <line number="113" hits="0" branch="false" />
            <line number="114" hits="0" branch="false" />
            <line number="115" hits="0" branch="false" />
            <line number="116" hits="0" branch="false" />
            <line number="117" hits="0" branch="false" />
            <line number="118" hits="0" branch="false" />
            <line number="121" hits="19" branch="false" />
            <line number="122" hits="19" branch="false" />
            <line number="123" hits="19" branch="false" />
            <line number="124" hits="19" branch="false" />
            <line number="127" hits="11" branch="false" />
            <line number="128" hits="11" branch="true" condition-coverage="50% (2/4)" />
            <line number="129" hits="0" branch="false" />
            <line number="130" hits="11" branch="false" />
            <line number="131" hits="11" branch="true" condition-coverage="100% (2/2)" />
            <line number="132" hits="11" branch="false" />
            <line number="135" hits="10" branch="false" />
            <line number="136" hits="10" branch="false" />
            <line number="137" hits="10" branch="false" />
            <line number="140" hits="10" branch="false" />
            <line number="141" hits="10" branch="false" />
            <line number="142" hits="10" branch="false" />
            <line number="145" hits="179" branch="false" />
            <line number="146" hits="179" branch="false" />
            <line number="147" hits="179" branch="true" condition-coverage="100% (2/2)" />
            <line number="148" hits="179" branch="false" />
            <line number="149" hits="179" branch="false" />
            <line number="150" hits="179" branch="false" />
            <line number="151" hits="179" branch="false" />
            <line number="152" hits="179" branch="false" />
          </lines>
        </class>
        <class name="Plants.Rose" filename="C:\Users\kalin\Downloads\Labor.10-main\Labor.10-main\Plants\Plants.cs" line-rate="0.294117647058824" branch-rate="0" complexity="12">
          <methods>
            <method name="get_HasThorns" signature="()" line-rate="0" branch-rate="1" complexity="1">
              <lines>
                <line number="283" hits="0" branch="false" />
              </lines>
            </method>
            <method name="set_HasThorns" signature="(...)" line-rate="1" branch-rate="1" complexity="1">
              <lines>
                <line number="284" hits="18" branch="false" />
              </lines>
            </method>
            <method name="Show" signature="()" line-rate="0" branch-rate="0" complexity="2">
              <lines>
                <line number="297" hits="0" branch="false" />
                <line number="298" hits="0" branch="false" />
                <line number="299" hits="0" branch="true" condition-coverage="0% (0/2)" />
                <line number="300" hits="0" branch="false" />
              </lines>
            </method>
            <method name="Init" signature="()" line-rate="0" branch-rate="1" complexity="1">
              <lines>
                <line number="303" hits="0" branch="false" />
                <line number="304" hits="0" branch="false" />
                <line number="305" hits="0" branch="false" />
                <line number="306" hits="0" branch="false" />
                <line number="307" hits="0" branch="false" />
                <line number="308" hits="0" branch="false" />
              </lines>
            </method>
            <method name="RandomInit" signature="()" line-rate="1" branch-rate="1" complexity="1">
              <lines>
                <line number="311" hits="3" branch="false" />
                <line number="312" hits="3" branch="false" />
                <line number="313" hits="3" branch="false" />
                <line number="314" hits="3" branch="false" />
              </lines>
            </method>
            <method name="Equals" signature="(...)" line-rate="0" branch-rate="0" complexity="2">
              <lines>
                <line number="317" hits="0" branch="false" />
                <line number="318" hits="0" branch="true" condition-coverage="0% (0/2)" />
                <line number="319" hits="0" branch="false" />
                <line number="320" hits="0" branch="false" />
                <line number="321" hits="0" branch="false" />
                <line number="322" hits="0" branch="false" />
              </lines>
            </method>
            <method name="Clone" signature="()" line-rate="0" branch-rate="1" complexity="1">
              <lines>
                <line number="325" hits="0" branch="false" />
                <line number="326" hits="0" branch="false" />
                <line number="327" hits="0" branch="false" />
                <line number="328" hits="0" branch="false" />
              </lines>
            </method>
            <method name=".ctor" signature="(...)" line-rate="1" branch-rate="1" complexity="1">
              <lines>
                <line number="287" hits="3" branch="false" />
                <line number="288" hits="3" branch="false" />
                <line number="289" hits="3" branch="false" />
                <line number="290" hits="3" branch="false" />
              </lines>
            </method>
            <method name=".ctor" signature="()" line-rate="0" branch-rate="1" complexity="1">
              <lines>
                <line number="292" hits="0" branch="false" />
                <line number="293" hits="0" branch="false" />
                <line number="294" hits="0" branch="false" />
              </lines>
            </method>
            <method name=".cctor" signature="()" line-rate="1" branch-rate="1" complexity="1">
              <lines>
                <line number="279" hits="1" branch="false" />
              </lines>
            </method>
          </methods>
          <lines>
            <line number="279" hits="1" branch="false" />
            <line number="283" hits="0" branch="false" />
            <line number="284" hits="18" branch="false" />
            <line number="287" hits="3" branch="false" />
            <line number="288" hits="3" branch="false" />
            <line number="289" hits="3" branch="false" />
            <line number="290" hits="3" branch="false" />
            <line number="292" hits="0" branch="false" />
            <line number="293" hits="0" branch="false" />
            <line number="294" hits="0" branch="false" />
            <line number="297" hits="0" branch="false" />
            <line number="298" hits="0" branch="false" />
            <line number="299" hits="0" branch="true" condition-coverage="0% (0/2)" />
            <line number="300" hits="0" branch="false" />
            <line number="303" hits="0" branch="false" />
            <line number="304" hits="0" branch="false" />
            <line number="305" hits="0" branch="false" />
            <line number="306" hits="0" branch="false" />
            <line number="307" hits="0" branch="false" />
            <line number="308" hits="0" branch="false" />
            <line number="311" hits="3" branch="false" />
            <line number="312" hits="3" branch="false" />
            <line number="313" hits="3" branch="false" />
            <line number="314" hits="3" branch="false" />
            <line number="317" hits="0" branch="false" />
            <line number="318" hits="0" branch="true" condition-coverage="0% (0/2)" />
            <line number="319" hits="0" branch="false" />
            <line number="320" hits="0" branch="false" />
            <line number="321" hits="0" branch="false" />
            <line number="322" hits="0" branch="false" />
            <line number="325" hits="0" branch="false" />
            <line number="326" hits="0" branch="false" />
            <line number="327" hits="0" branch="false" />
            <line number="328" hits="0" branch="false" />
          </lines>
        </class>
        <class name="Plants.Tree" filename="C:\Users\kalin\Downloads\Labor.10-main\Labor.10-main\Plants\Plants.cs" line-rate="0.342105263157895" branch-rate="0.25" complexity="12">
          <methods>
            <method name="get_Height" signature="()" line-rate="1" branch-rate="1" complexity="1">
              <lines>
                <line number="162" hits="24" branch="false" />
              </lines>
            </method>
            <method name="set_Height" signature="(...)" line-rate="0.8" branch-rate="0.5" complexity="2">
              <lines>
                <line number="164" hits="8" branch="false" />
                <line number="165" hits="8" branch="true" condition-coverage="50% (1/2)" />
                <line number="166" hits="8" branch="false" />
                <line number="168" hits="0" branch="false" />
                <line number="169" hits="8" branch="false" />
              </lines>
            </method>
            <method name="Show" signature="()" line-rate="0" branch-rate="1" complexity="1">
              <lines>
                <line number="182" hits="0" branch="false" />
                <line number="183" hits="0" branch="false" />
                <line number="184" hits="0" branch="false" />
                <line number="185" hits="0" branch="false" />
              </lines>
            </method>
            <method name="Init" signature="()" line-rate="0" branch-rate="1" complexity="1">
              <lines>
                <line number="188" hits="0" branch="false" />
                <line number="189" hits="0" branch="false" />
                <line number="190" hits="0" branch="false" />
                <line number="191" hits="0" branch="false" />
                <line number="192" hits="0" branch="false" />
                <line number="193" hits="0" branch="false" />
              </lines>
            </method>
            <method name="RandomInit" signature="()" line-rate="0" branch-rate="1" complexity="1">
              <lines>
                <line number="196" hits="0" branch="false" />
                <line number="197" hits="0" branch="false" />
                <line number="198" hits="0" branch="false" />
                <line number="199" hits="0" branch="false" />
              </lines>
            </method>
            <method name="Equals" signature="(...)" line-rate="0" branch-rate="0" complexity="2">
              <lines>
                <line number="202" hits="0" branch="false" />
                <line number="203" hits="0" branch="true" condition-coverage="0% (0/2)" />
                <line number="204" hits="0" branch="false" />
                <line number="205" hits="0" branch="false" />
                <line number="206" hits="0" branch="false" />
                <line number="207" hits="0" branch="false" />
              </lines>
            </method>
            <method name="Clone" signature="()" line-rate="1" branch-rate="1" complexity="1">
              <lines>
                <line number="210" hits="4" branch="false" />
                <line number="211" hits="4" branch="false" />
                <line number="212" hits="4" branch="false" />
                <line number="213" hits="4" branch="false" />
              </lines>
            </method>
            <method name=".ctor" signature="(...)" line-rate="1" branch-rate="1" complexity="1">
              <lines>
                <line number="172" hits="8" branch="false" />
                <line number="173" hits="8" branch="false" />
                <line number="174" hits="8" branch="false" />
                <line number="175" hits="8" branch="false" />
              </lines>
            </method>
            <method name=".ctor" signature="()" line-rate="0" branch-rate="1" complexity="1">
              <lines>
                <line number="177" hits="0" branch="false" />
                <line number="178" hits="0" branch="false" />
                <line number="179" hits="0" branch="false" />
              </lines>
            </method>
            <method name=".cctor" signature="()" line-rate="0" branch-rate="1" complexity="1">
              <lines>
                <line number="158" hits="0" branch="false" />
              </lines>
            </method>
          </methods>
          <lines>
            <line number="158" hits="0" branch="false" />
            <line number="162" hits="24" branch="false" />
            <line number="164" hits="8" branch="false" />
            <line number="165" hits="8" branch="true" condition-coverage="50% (1/2)" />
            <line number="166" hits="8" branch="false" />
            <line number="168" hits="0" branch="false" />
            <line number="169" hits="8" branch="false" />
            <line number="172" hits="8" branch="false" />
            <line number="173" hits="8" branch="false" />
            <line number="174" hits="8" branch="false" />
            <line number="175" hits="8" branch="false" />
            <line number="177" hits="0" branch="false" />
            <line number="178" hits="0" branch="false" />
            <line number="179" hits="0" branch="false" />
            <line number="182" hits="0" branch="false" />
            <line number="183" hits="0" branch="false" />
            <line number="184" hits="0" branch="false" />
            <line number="185" hits="0" branch="false" />
            <line number="188" hits="0" branch="false" />
            <line number="189" hits="0" branch="false" />
            <line number="190" hits="0" branch="false" />
            <line number="191" hits="0" branch="false" />
            <line number="192" hits="0" branch="false" />
            <line number="193" hits="0" branch="false" />
            <line number="196" hits="0" branch="false" />
            <line number="197" hits="0" branch="false" />
            <line number="198" hits="0" branch="false" />
            <line number="199" hits="0" branch="false" />
            <line number="202" hits="0" branch="false" />
            <line number="203" hits="0" branch="true" condition-coverage="0% (0/2)" />
            <line number="204" hits="0" branch="false" />
            <line number="205" hits="0" branch="false" />
            <line number="206" hits="0" branch="false" />
            <line number="207" hits="0" branch="false" />
            <line number="210" hits="4" branch="false" />
            <line number="211" hits="4" branch="false" />
            <line number="212" hits="4" branch="false" />
            <line number="213" hits="4" branch="false" />
          </lines>
        </class>
      </classes>
    </package>
  </packages>
</coverage>