<?xml version="1.0" encoding="utf-8"?>
<coverage line-rate="0.6481" branch-rate="0.4341" version="1.9" timestamp="1747673632" lines-covered="1717" lines-valid="2649" branches-covered="267" branches-valid="615">
  <sources>
    <source>C:\Users\kalin\</source>
  </sources>
  <packages>
    <package name="Lab12" line-rate="0.4542" branch-rate="0.44" complexity="608">
      <classes>
        <class name="Lab12.MyCollection`2" filename="source\repos\Lab12\MyCollection.cs" line-rate="0.882" branch-rate="0.8332999999999999" complexity="102">
          <methods>
            <method name="get_Capacity" signature="()" line-rate="1" branch-rate="1" complexity="1">
              <lines>
                <line number="30" hits="244" branch="False" />
              </lines>
            </method>
            <method name="get_Count" signature="()" line-rate="1" branch-rate="1" complexity="1">
              <lines>
                <line number="31" hits="58" branch="False" />
              </lines>
            </method>
            <method name="Print" signature="()" line-rate="1" branch-rate="1" complexity="8">
              <lines>
                <line number="80" hits="1" branch="False" />
                <line number="81" hits="1" branch="False" />
                <line number="82" hits="22" branch="True" condition-coverage="100% (2/2)">
                  <conditions>
                    <condition number="327" type="jump" coverage="100%" />
                  </conditions>
                </line>
                <line number="83" hits="10" branch="False" />
                <line number="84" hits="10" branch="False" />
                <line number="85" hits="10" branch="True" condition-coverage="100% (4/4)">
                  <conditions>
                    <condition number="142" type="jump" coverage="100%" />
                    <condition number="160" type="jump" coverage="100%" />
                  </conditions>
                </line>
                <line number="86" hits="1" branch="False" />
                <line number="87" hits="1" branch="False" />
                <line number="88" hits="1" branch="False" />
                <line number="90" hits="9" branch="False" />
                <line number="91" hits="9" branch="False" />
                <line number="92" hits="9" branch="False" />
                <line number="93" hits="10" branch="True" condition-coverage="100% (2/2)">
                  <conditions>
                    <condition number="296" type="jump" coverage="100%" />
                  </conditions>
                </line>
                <line number="94" hits="9" branch="False" />
                <line number="95" hits="10" branch="False" />
                <line number="96" hits="1" branch="False" />
              </lines>
            </method>
            <method name="GetIndex" signature="(TKey)" line-rate="1" branch-rate="1" complexity="1">
              <lines>
                <line number="99" hits="54" branch="False" />
                <line number="100" hits="54" branch="False" />
                <line number="101" hits="54" branch="False" />
              </lines>
            </method>
            <method name="AddData" signature="(TKey,TValue)" line-rate="0.9411" branch-rate="0.7857" complexity="14">
              <lines>
                <line number="104" hits="55" branch="False" />
                <line number="105" hits="56" branch="True" condition-coverage="100% (2/2)">
                  <conditions>
                    <condition number="12" type="jump" coverage="100%" />
                  </conditions>
                </line>
                <line number="106" hits="54" branch="False" />
                <line number="107" hits="54" branch="False" />
                <line number="108" hits="54" branch="False" />
                <line number="110" hits="79" branch="True" condition-coverage="100% (4/4)">
                  <conditions>
                    <condition number="153" type="jump" coverage="100%" />
                    <condition number="133" type="jump" coverage="100%" />
                  </conditions>
                </line>
                <line number="111" hits="30" branch="False" />
                <line number="112" hits="30" branch="True" condition-coverage="100% (2/2)">
                  <conditions>
                    <condition number="68" type="jump" coverage="100%" />
                  </conditions>
                </line>
                <line number="113" hits="5" branch="False" />
                <line number="114" hits="25" branch="False" />
                <line number="115" hits="25" branch="False" />
                <line number="116" hits="25" branch="True" condition-coverage="50% (1/2)">
                  <conditions>
                    <condition number="111" type="jump" coverage="50%" />
                  </conditions>
                </line>
                <line number="117" hits="0" branch="False" />
                <line number="118" hits="25" branch="False" />
                <line number="120" hits="49" branch="True" condition-coverage="50% (2/4)">
                  <conditions>
                    <condition number="170" type="jump" coverage="50%" />
                    <condition number="195" type="jump" coverage="50%" />
                  </conditions>
                </line>
                <line number="121" hits="49" branch="False" />
                <line number="122" hits="49" branch="False" />
              </lines>
            </method>
            <method name="AddItem" signature="(TKey,TValue)" line-rate="0.25" branch-rate="0.125" complexity="8">
              <lines>
                <line number="125" hits="48" branch="False" />
                <line number="126" hits="48" branch="True" condition-coverage="50% (1/2)">
                  <conditions>
                    <condition number="28" type="jump" coverage="50%" />
                  </conditions>
                </line>
                <line number="127" hits="0" branch="False" />
                <line number="128" hits="0" branch="False" />
                <line number="129" hits="0" branch="False" />
                <line number="130" hits="0" branch="False" />
                <line number="131" hits="0" branch="False" />
                <line number="132" hits="0" branch="False" />
                <line number="134" hits="0" branch="True" condition-coverage="0% (0/2)">
                  <conditions>
                    <condition number="186" type="jump" coverage="0%" />
                  </conditions>
                </line>
                <line number="135" hits="0" branch="False" />
                <line number="136" hits="0" branch="True" condition-coverage="0% (0/4)">
                  <conditions>
                    <condition number="115" type="jump" coverage="0%" />
                    <condition number="130" type="jump" coverage="0%" />
                  </conditions>
                </line>
                <line number="137" hits="0" branch="False" />
                <line number="138" hits="0" branch="False" />
                <line number="139" hits="0" branch="False" />
                <line number="140" hits="0" branch="False" />
                <line number="141" hits="0" branch="False" />
                <line number="142" hits="0" branch="False" />
                <line number="144" hits="48" branch="False" />
                <line number="145" hits="45" branch="False" />
                <line number="146" hits="45" branch="False" />
              </lines>
            </method>
            <method name="FindByKey" signature="(TKey)" line-rate="0.9333" branch-rate="0.875" complexity="8">
              <lines>
                <line number="149" hits="15" branch="False" />
                <line number="150" hits="15" branch="False" />
                <line number="151" hits="15" branch="False" />
                <line number="152" hits="15" branch="False" />
                <line number="154" hits="18" branch="True" condition-coverage="100% (2/2)">
                  <conditions>
                    <condition number="137" type="jump" coverage="100%" />
                  </conditions>
                </line>
                <line number="155" hits="12" branch="False" />
                <line number="156" hits="12" branch="True" condition-coverage="75% (3/4)">
                  <conditions>
                    <condition number="42" type="jump" coverage="50%" />
                    <condition number="73" type="jump" coverage="100%" />
                  </conditions>
                </line>
                <line number="157" hits="9" branch="False" />
                <line number="158" hits="3" branch="False" />
                <line number="159" hits="3" branch="False" />
                <line number="160" hits="3" branch="True" condition-coverage="100% (2/2)">
                  <conditions>
                    <condition number="117" type="jump" coverage="100%" />
                  </conditions>
                </line>
                <line number="161" hits="0" branch="False" />
                <line number="162" hits="3" branch="False" />
                <line number="163" hits="6" branch="False" />
                <line number="164" hits="15" branch="False" />
              </lines>
            </method>
            <method name="Remove" signature="(TKey)" line-rate="0.9444" branch-rate="0.875" complexity="8">
              <lines>
                <line number="167" hits="5" branch="False" />
                <line number="168" hits="5" branch="False" />
                <line number="169" hits="5" branch="False" />
                <line number="170" hits="5" branch="False" />
                <line number="172" hits="7" branch="True" condition-coverage="100% (2/2)">
                  <conditions>
                    <condition number="149" type="jump" coverage="100%" />
                  </conditions>
                </line>
                <line number="173" hits="5" branch="False" />
                <line number="174" hits="5" branch="True" condition-coverage="75% (3/4)">
                  <conditions>
                    <condition number="42" type="jump" coverage="50%" />
                    <condition number="73" type="jump" coverage="100%" />
                  </conditions>
                </line>
                <line number="175" hits="3" branch="False" />
                <line number="176" hits="3" branch="False" />
                <line number="177" hits="3" branch="False" />
                <line number="178" hits="3" branch="False" />
                <line number="180" hits="2" branch="False" />
                <line number="181" hits="2" branch="False" />
                <line number="182" hits="2" branch="True" condition-coverage="100% (2/2)">
                  <conditions>
                    <condition number="129" type="jump" coverage="100%" />
                  </conditions>
                </line>
                <line number="183" hits="0" branch="False" />
                <line number="184" hits="2" branch="False" />
                <line number="185" hits="2" branch="False" />
                <line number="186" hits="5" branch="False" />
              </lines>
            </method>
            <method name="get_Item" signature="(TKey)" line-rate="1" branch-rate="1" complexity="4">
              <lines>
                <line number="192" hits="2" branch="False" />
                <line number="193" hits="2" branch="False" />
                <line number="194" hits="2" branch="True" condition-coverage="100% (4/4)">
                  <conditions>
                    <condition number="15" type="jump" coverage="100%" />
                    <condition number="32" type="jump" coverage="100%" />
                  </conditions>
                </line>
                <line number="195" hits="1" branch="False" />
                <line number="196" hits="1" branch="False" />
                <line number="197" hits="1" branch="False" />
              </lines>
            </method>
            <method name="set_Item" signature="(TKey,TValue)" line-rate="1" branch-rate="1" complexity="1">
              <lines>
                <line number="198" hits="1" branch="False" />
              </lines>
            </method>
            <method name="get_Keys" signature="()" line-rate="1" branch-rate="1" complexity="6">
              <lines>
                <line number="204" hits="1" branch="False" />
                <line number="205" hits="1" branch="False" />
                <line number="206" hits="22" branch="True" condition-coverage="100% (2/2)">
                  <conditions>
                    <condition number="76" type="jump" coverage="100%" />
                  </conditions>
                </line>
                <line number="207" hits="10" branch="False" />
                <line number="208" hits="10" branch="True" condition-coverage="100% (4/4)">
                  <conditions>
                    <condition number="20" type="jump" coverage="100%" />
                    <condition number="38" type="jump" coverage="100%" />
                  </conditions>
                </line>
                <line number="209" hits="2" branch="False" />
                <line number="210" hits="10" branch="False" />
                <line number="211" hits="1" branch="False" />
                <line number="212" hits="1" branch="False" />
              </lines>
            </method>
            <method name="get_Values" signature="()" line-rate="1" branch-rate="1" complexity="6">
              <lines>
                <line number="218" hits="1" branch="False" />
                <line number="219" hits="1" branch="False" />
                <line number="220" hits="22" branch="True" condition-coverage="100% (2/2)">
                  <conditions>
                    <condition number="76" type="jump" coverage="100%" />
                  </conditions>
                </line>
                <line number="221" hits="10" branch="False" />
                <line number="222" hits="10" branch="True" condition-coverage="100% (4/4)">
                  <conditions>
                    <condition number="20" type="jump" coverage="100%" />
                    <condition number="38" type="jump" coverage="100%" />
                  </conditions>
                </line>
                <line number="223" hits="2" branch="False" />
                <line number="224" hits="10" branch="False" />
                <line number="225" hits="1" branch="False" />
                <line number="226" hits="1" branch="False" />
              </lines>
            </method>
            <method name="Add" signature="(TKey,TValue)" line-rate="1" branch-rate="1" complexity="1">
              <lines>
                <line number="229" hits="47" branch="False" />
              </lines>
            </method>
            <method name="ContainsKey" signature="(TKey)" line-rate="1" branch-rate="1" complexity="1">
              <lines>
                <line number="231" hits="2" branch="False" />
              </lines>
            </method>
            <method name="TryGetValue" signature="(TKey,TValue&amp;)" line-rate="1" branch-rate="1" complexity="1">
              <lines>
                <line number="234" hits="2" branch="False" />
                <line number="235" hits="2" branch="False" />
                <line number="236" hits="2" branch="False" />
                <line number="237" hits="2" branch="False" />
              </lines>
            </method>
            <method name="Add" signature="(System.Collections.Generic.KeyValuePair`2&lt;TKey,TValue&gt;)" line-rate="0" branch-rate="1" complexity="1">
              <lines>
                <line number="240" hits="0" branch="False" />
              </lines>
            </method>
            <method name="Clear" signature="()" line-rate="1" branch-rate="1" complexity="1">
              <lines>
                <line number="243" hits="1" branch="False" />
                <line number="244" hits="1" branch="False" />
                <line number="245" hits="1" branch="False" />
                <line number="246" hits="1" branch="False" />
                <line number="247" hits="1" branch="False" />
              </lines>
            </method>
            <method name="Contains" signature="(System.Collections.Generic.KeyValuePair`2&lt;TKey,TValue&gt;)" line-rate="1" branch-rate="1" complexity="2">
              <lines>
                <line number="250" hits="3" branch="False" />
                <line number="251" hits="3" branch="False" />
                <line number="252" hits="3" branch="True" condition-coverage="100% (2/2)">
                  <conditions>
                    <condition number="21" type="jump" coverage="100%" />
                  </conditions>
                </line>
                <line number="253" hits="3" branch="False" />
              </lines>
            </method>
            <method name="CopyTo" signature="(System.Collections.Generic.KeyValuePair`2&lt;TKey,TValue&gt;[],System.Int32)" line-rate="1" branch-rate="1" complexity="12">
              <lines>
                <line number="256" hits="4" branch="False" />
                <line number="257" hits="4" branch="True" condition-coverage="100% (2/2)">
                  <conditions>
                    <condition number="7" type="jump" coverage="100%" />
                  </conditions>
                </line>
                <line number="258" hits="1" branch="False" />
                <line number="259" hits="3" branch="True" condition-coverage="100% (2/2)">
                  <conditions>
                    <condition number="26" type="jump" coverage="100%" />
                  </conditions>
                </line>
                <line number="260" hits="1" branch="False" />
                <line number="261" hits="2" branch="True" condition-coverage="100% (2/2)">
                  <conditions>
                    <condition number="54" type="jump" coverage="100%" />
                  </conditions>
                </line>
                <line number="262" hits="1" branch="False" />
                <line number="264" hits="1" branch="False" />
                <line number="265" hits="22" branch="True" condition-coverage="100% (2/2)">
                  <conditions>
                    <condition number="194" type="jump" coverage="100%" />
                  </conditions>
                </line>
                <line number="266" hits="10" branch="False" />
                <line number="267" hits="10" branch="True" condition-coverage="100% (4/4)">
                  <conditions>
                    <condition number="84" type="jump" coverage="100%" />
                    <condition number="105" type="jump" coverage="100%" />
                  </conditions>
                </line>
                <line number="268" hits="1" branch="False" />
                <line number="269" hits="1" branch="False" />
                <line number="270" hits="1" branch="False" />
                <line number="271" hits="1" branch="False" />
                <line number="272" hits="10" branch="False" />
                <line number="273" hits="1" branch="False" />
              </lines>
            </method>
            <method name="Remove" signature="(System.Collections.Generic.KeyValuePair`2&lt;TKey,TValue&gt;)" line-rate="1" branch-rate="1" complexity="2">
              <lines>
                <line number="276" hits="2" branch="False" />
                <line number="277" hits="2" branch="True" condition-coverage="100% (2/2)">
                  <conditions>
                    <condition number="10" type="jump" coverage="100%" />
                  </conditions>
                </line>
                <line number="278" hits="1" branch="False" />
                <line number="279" hits="1" branch="False" />
                <line number="280" hits="2" branch="False" />
              </lines>
            </method>
            <method name="System.Collections.Generic.ICollection&lt;System.Collections.Generic.KeyValuePair&lt;TKey,TValue&gt;&gt;.get_IsReadOnly" signature="()" line-rate="0" branch-rate="1" complexity="1">
              <lines>
                <line number="282" hits="0" branch="False" />
              </lines>
            </method>
            <method name="System.Collections.IEnumerable.GetEnumerator" signature="()" line-rate="0" branch-rate="1" complexity="1">
              <lines>
                <line number="294" hits="0" branch="False" />
              </lines>
            </method>
            <method name=".ctor" signature="()" line-rate="1" branch-rate="1" complexity="1">
              <lines>
                <line number="26" hits="39" branch="False" />
                <line number="34" hits="35" branch="False" />
                <line number="35" hits="35" branch="False" />
                <line number="36" hits="35" branch="False" />
                <line number="37" hits="35" branch="False" />
                <line number="38" hits="35" branch="False" />
                <line number="39" hits="35" branch="False" />
              </lines>
            </method>
            <method name=".ctor" signature="(System.Int32)" line-rate="0.8823000000000001" branch-rate="0.5" complexity="6">
              <lines>
                <line number="42" hits="3" branch="False" />
                <line number="43" hits="3" branch="False" />
                <line number="44" hits="3" branch="True" condition-coverage="50% (1/2)">
                  <conditions>
                    <condition number="21" type="jump" coverage="50%" />
                  </conditions>
                </line>
                <line number="45" hits="0" branch="False" />
                <line number="46" hits="3" branch="False" />
                <line number="47" hits="3" branch="False" />
                <line number="48" hits="3" branch="False" />
                <line number="50" hits="3" branch="False" />
                <line number="51" hits="12" branch="True" condition-coverage="50% (1/2)">
                  <conditions>
                    <condition number="206" type="jump" coverage="50%" />
                  </conditions>
                </line>
                <line number="52" hits="6" branch="False" />
                <line number="53" hits="6" branch="False" />
                <line number="54" hits="6" branch="False" />
                <line number="55" hits="6" branch="True" condition-coverage="50% (1/2)">
                  <conditions>
                    <condition number="136" type="jump" coverage="50%" />
                  </conditions>
                </line>
                <line number="56" hits="6" branch="False" />
                <line number="57" hits="3" branch="False" />
                <line number="58" hits="3" branch="False" />
                <line number="59" hits="0" branch="False" />
              </lines>
            </method>
            <method name=".ctor" signature="(Lab12.MyCollection`2&lt;TKey,TValue&gt;)" line-rate="1" branch-rate="1" complexity="6">
              <lines>
                <line number="62" hits="1" branch="False" />
                <line number="63" hits="1" branch="False" />
                <line number="64" hits="1" branch="False" />
                <line number="65" hits="1" branch="False" />
                <line number="66" hits="1" branch="False" />
                <line number="67" hits="1" branch="False" />
                <line number="69" hits="22" branch="True" condition-coverage="100% (2/2)">
                  <conditions>
                    <condition number="185" type="jump" coverage="100%" />
                  </conditions>
                </line>
                <line number="70" hits="10" branch="False" />
                <line number="71" hits="10" branch="True" condition-coverage="100% (4/4)">
                  <conditions>
                    <condition number="81" type="jump" coverage="100%" />
                    <condition number="99" type="jump" coverage="100%" />
                  </conditions>
                </line>
                <line number="72" hits="1" branch="False" />
                <line number="73" hits="1" branch="False" />
                <line number="74" hits="1" branch="False" />
                <line number="75" hits="1" branch="False" />
                <line number="76" hits="10" branch="False" />
                <line number="77" hits="1" branch="False" />
              </lines>
            </method>
          </methods>
          <lines>
            <line number="30" hits="244" branch="False" />
            <line number="31" hits="58" branch="False" />
            <line number="80" hits="1" branch="False" />
            <line number="81" hits="1" branch="False" />
            <line number="82" hits="22" branch="True" condition-coverage="100% (2/2)">
              <conditions>
                <condition number="327" type="jump" coverage="100%" />
              </conditions>
            </line>
            <line number="83" hits="10" branch="False" />
            <line number="84" hits="10" branch="False" />
            <line number="85" hits="10" branch="True" condition-coverage="100% (4/4)">
              <conditions>
                <condition number="142" type="jump" coverage="100%" />
                <condition number="160" type="jump" coverage="100%" />
              </conditions>
            </line>
            <line number="86" hits="1" branch="False" />
            <line number="87" hits="1" branch="False" />
            <line number="88" hits="1" branch="False" />
            <line number="90" hits="9" branch="False" />
            <line number="91" hits="9" branch="False" />
            <line number="92" hits="9" branch="False" />
            <line number="93" hits="10" branch="True" condition-coverage="100% (2/2)">
              <conditions>
                <condition number="296" type="jump" coverage="100%" />
              </conditions>
            </line>
            <line number="94" hits="9" branch="False" />
            <line number="95" hits="10" branch="False" />
            <line number="96" hits="1" branch="False" />
            <line number="99" hits="54" branch="False" />
            <line number="100" hits="54" branch="False" />
            <line number="101" hits="54" branch="False" />
            <line number="104" hits="55" branch="False" />
            <line number="105" hits="56" branch="True" condition-coverage="100% (2/2)">
              <conditions>
                <condition number="12" type="jump" coverage="100%" />
              </conditions>
            </line>
            <line number="106" hits="54" branch="False" />
            <line number="107" hits="54" branch="False" />
            <line number="108" hits="54" branch="False" />
            <line number="110" hits="79" branch="True" condition-coverage="100% (4/4)">
              <conditions>
                <condition number="153" type="jump" coverage="100%" />
                <condition number="133" type="jump" coverage="100%" />
              </conditions>
            </line>
            <line number="111" hits="30" branch="False" />
            <line number="112" hits="30" branch="True" condition-coverage="100% (2/2)">
              <conditions>
                <condition number="68" type="jump" coverage="100%" />
              </conditions>
            </line>
            <line number="113" hits="5" branch="False" />
            <line number="114" hits="25" branch="False" />
            <line number="115" hits="25" branch="False" />
            <line number="116" hits="25" branch="True" condition-coverage="50% (1/2)">
              <conditions>
                <condition number="111" type="jump" coverage="50%" />
              </conditions>
            </line>
            <line number="117" hits="0" branch="False" />
            <line number="118" hits="25" branch="False" />
            <line number="120" hits="49" branch="True" condition-coverage="50% (2/4)">
              <conditions>
                <condition number="170" type="jump" coverage="50%" />
                <condition number="195" type="jump" coverage="50%" />
              </conditions>
            </line>
            <line number="121" hits="49" branch="False" />
            <line number="122" hits="49" branch="False" />
            <line number="125" hits="48" branch="False" />
            <line number="126" hits="48" branch="True" condition-coverage="50% (1/2)">
              <conditions>
                <condition number="28" type="jump" coverage="50%" />
              </conditions>
            </line>
            <line number="127" hits="0" branch="False" />
            <line number="128" hits="0" branch="False" />
            <line number="129" hits="0" branch="False" />
            <line number="130" hits="0" branch="False" />
            <line number="131" hits="0" branch="False" />
            <line number="132" hits="0" branch="False" />
            <line number="134" hits="0" branch="True" condition-coverage="0% (0/2)">
              <conditions>
                <condition number="186" type="jump" coverage="0%" />
              </conditions>
            </line>
            <line number="135" hits="0" branch="False" />
            <line number="136" hits="0" branch="True" condition-coverage="0% (0/4)">
              <conditions>
                <condition number="115" type="jump" coverage="0%" />
                <condition number="130" type="jump" coverage="0%" />
              </conditions>
            </line>
            <line number="137" hits="0" branch="False" />
            <line number="138" hits="0" branch="False" />
            <line number="139" hits="0" branch="False" />
            <line number="140" hits="0" branch="False" />
            <line number="141" hits="0" branch="False" />
            <line number="142" hits="0" branch="False" />
            <line number="144" hits="48" branch="False" />
            <line number="145" hits="45" branch="False" />
            <line number="146" hits="45" branch="False" />
            <line number="149" hits="15" branch="False" />
            <line number="150" hits="15" branch="False" />
            <line number="151" hits="15" branch="False" />
            <line number="152" hits="15" branch="False" />
            <line number="154" hits="18" branch="True" condition-coverage="100% (2/2)">
              <conditions>
                <condition number="137" type="jump" coverage="100%" />
              </conditions>
            </line>
            <line number="155" hits="12" branch="False" />
            <line number="156" hits="12" branch="True" condition-coverage="75% (3/4)">
              <conditions>
                <condition number="42" type="jump" coverage="50%" />
                <condition number="73" type="jump" coverage="100%" />
              </conditions>
            </line>
            <line number="157" hits="9" branch="False" />
            <line number="158" hits="3" branch="False" />
            <line number="159" hits="3" branch="False" />
            <line number="160" hits="3" branch="True" condition-coverage="100% (2/2)">
              <conditions>
                <condition number="117" type="jump" coverage="100%" />
              </conditions>
            </line>
            <line number="161" hits="0" branch="False" />
            <line number="162" hits="3" branch="False" />
            <line number="163" hits="6" branch="False" />
            <line number="164" hits="15" branch="False" />
            <line number="167" hits="5" branch="False" />
            <line number="168" hits="5" branch="False" />
            <line number="169" hits="5" branch="False" />
            <line number="170" hits="5" branch="False" />
            <line number="172" hits="7" branch="True" condition-coverage="100% (2/2)">
              <conditions>
                <condition number="149" type="jump" coverage="100%" />
              </conditions>
            </line>
            <line number="173" hits="5" branch="False" />
            <line number="174" hits="5" branch="True" condition-coverage="75% (3/4)">
              <conditions>
                <condition number="42" type="jump" coverage="50%" />
                <condition number="73" type="jump" coverage="100%" />
              </conditions>
            </line>
            <line number="175" hits="3" branch="False" />
            <line number="176" hits="3" branch="False" />
            <line number="177" hits="3" branch="False" />
            <line number="178" hits="3" branch="False" />
            <line number="180" hits="2" branch="False" />
            <line number="181" hits="2" branch="False" />
            <line number="182" hits="2" branch="True" condition-coverage="100% (2/2)">
              <conditions>
                <condition number="129" type="jump" coverage="100%" />
              </conditions>
            </line>
            <line number="183" hits="0" branch="False" />
            <line number="184" hits="2" branch="False" />
            <line number="185" hits="2" branch="False" />
            <line number="186" hits="5" branch="False" />
            <line number="192" hits="2" branch="False" />
            <line number="193" hits="2" branch="False" />
            <line number="194" hits="2" branch="True" condition-coverage="100% (4/4)">
              <conditions>
                <condition number="15" type="jump" coverage="100%" />
                <condition number="32" type="jump" coverage="100%" />
              </conditions>
            </line>
            <line number="195" hits="1" branch="False" />
            <line number="196" hits="1" branch="False" />
            <line number="197" hits="1" branch="False" />
            <line number="198" hits="1" branch="False" />
            <line number="204" hits="1" branch="False" />
            <line number="205" hits="1" branch="False" />
            <line number="206" hits="22" branch="True" condition-coverage="100% (2/2)">
              <conditions>
                <condition number="76" type="jump" coverage="100%" />
              </conditions>
            </line>
            <line number="207" hits="10" branch="False" />
            <line number="208" hits="10" branch="True" condition-coverage="100% (4/4)">
              <conditions>
                <condition number="20" type="jump" coverage="100%" />
                <condition number="38" type="jump" coverage="100%" />
              </conditions>
            </line>
            <line number="209" hits="2" branch="False" />
            <line number="210" hits="10" branch="False" />
            <line number="211" hits="1" branch="False" />
            <line number="212" hits="1" branch="False" />
            <line number="218" hits="1" branch="False" />
            <line number="219" hits="1" branch="False" />
            <line number="220" hits="22" branch="True" condition-coverage="100% (2/2)">
              <conditions>
                <condition number="76" type="jump" coverage="100%" />
              </conditions>
            </line>
            <line number="221" hits="10" branch="False" />
            <line number="222" hits="10" branch="True" condition-coverage="100% (4/4)">
              <conditions>
                <condition number="20" type="jump" coverage="100%" />
                <condition number="38" type="jump" coverage="100%" />
              </conditions>
            </line>
            <line number="223" hits="2" branch="False" />
            <line number="224" hits="10" branch="False" />
            <line number="225" hits="1" branch="False" />
            <line number="226" hits="1" branch="False" />
            <line number="229" hits="47" branch="False" />
            <line number="231" hits="2" branch="False" />
            <line number="234" hits="2" branch="False" />
            <line number="235" hits="2" branch="False" />
            <line number="236" hits="2" branch="False" />
            <line number="237" hits="2" branch="False" />
            <line number="240" hits="0" branch="False" />
            <line number="243" hits="1" branch="False" />
            <line number="244" hits="1" branch="False" />
            <line number="245" hits="1" branch="False" />
            <line number="246" hits="1" branch="False" />
            <line number="247" hits="1" branch="False" />
            <line number="250" hits="3" branch="False" />
            <line number="251" hits="3" branch="False" />
            <line number="252" hits="3" branch="True" condition-coverage="100% (2/2)">
              <conditions>
                <condition number="21" type="jump" coverage="100%" />
              </conditions>
            </line>
            <line number="253" hits="3" branch="False" />
            <line number="256" hits="4" branch="False" />
            <line number="257" hits="4" branch="True" condition-coverage="100% (2/2)">
              <conditions>
                <condition number="7" type="jump" coverage="100%" />
              </conditions>
            </line>
            <line number="258" hits="1" branch="False" />
            <line number="259" hits="3" branch="True" condition-coverage="100% (2/2)">
              <conditions>
                <condition number="26" type="jump" coverage="100%" />
              </conditions>
            </line>
            <line number="260" hits="1" branch="False" />
            <line number="261" hits="2" branch="True" condition-coverage="100% (2/2)">
              <conditions>
                <condition number="54" type="jump" coverage="100%" />
              </conditions>
            </line>
            <line number="262" hits="1" branch="False" />
            <line number="264" hits="1" branch="False" />
            <line number="265" hits="22" branch="True" condition-coverage="100% (2/2)">
              <conditions>
                <condition number="194" type="jump" coverage="100%" />
              </conditions>
            </line>
            <line number="266" hits="10" branch="False" />
            <line number="267" hits="10" branch="True" condition-coverage="100% (4/4)">
              <conditions>
                <condition number="84" type="jump" coverage="100%" />
                <condition number="105" type="jump" coverage="100%" />
              </conditions>
            </line>
            <line number="268" hits="1" branch="False" />
            <line number="269" hits="1" branch="False" />
            <line number="270" hits="1" branch="False" />
            <line number="271" hits="1" branch="False" />
            <line number="272" hits="10" branch="False" />
            <line number="273" hits="1" branch="False" />
            <line number="276" hits="2" branch="False" />
            <line number="277" hits="2" branch="True" condition-coverage="100% (2/2)">
              <conditions>
                <condition number="10" type="jump" coverage="100%" />
              </conditions>
            </line>
            <line number="278" hits="1" branch="False" />
            <line number="279" hits="1" branch="False" />
            <line number="280" hits="2" branch="False" />
            <line number="282" hits="0" branch="False" />
            <line number="294" hits="0" branch="False" />
            <line number="26" hits="39" branch="False" />
            <line number="34" hits="35" branch="False" />
            <line number="35" hits="35" branch="False" />
            <line number="36" hits="35" branch="False" />
            <line number="37" hits="35" branch="False" />
            <line number="38" hits="35" branch="False" />
            <line number="39" hits="35" branch="False" />
            <line number="42" hits="3" branch="False" />
            <line number="43" hits="3" branch="False" />
            <line number="44" hits="3" branch="True" condition-coverage="50% (1/2)">
              <conditions>
                <condition number="21" type="jump" coverage="50%" />
              </conditions>
            </line>
            <line number="45" hits="0" branch="False" />
            <line number="46" hits="3" branch="False" />
            <line number="47" hits="3" branch="False" />
            <line number="48" hits="3" branch="False" />
            <line number="50" hits="3" branch="False" />
            <line number="51" hits="12" branch="True" condition-coverage="50% (1/2)">
              <conditions>
                <condition number="206" type="jump" coverage="50%" />
              </conditions>
            </line>
            <line number="52" hits="6" branch="False" />
            <line number="53" hits="6" branch="False" />
            <line number="54" hits="6" branch="False" />
            <line number="55" hits="6" branch="True" condition-coverage="50% (1/2)">
              <conditions>
                <condition number="136" type="jump" coverage="50%" />
              </conditions>
            </line>
            <line number="56" hits="6" branch="False" />
            <line number="57" hits="3" branch="False" />
            <line number="58" hits="3" branch="False" />
            <line number="59" hits="0" branch="False" />
            <line number="62" hits="1" branch="False" />
            <line number="63" hits="1" branch="False" />
            <line number="64" hits="1" branch="False" />
            <line number="65" hits="1" branch="False" />
            <line number="66" hits="1" branch="False" />
            <line number="67" hits="1" branch="False" />
            <line number="69" hits="22" branch="True" condition-coverage="100% (2/2)">
              <conditions>
                <condition number="185" type="jump" coverage="100%" />
              </conditions>
            </line>
            <line number="70" hits="10" branch="False" />
            <line number="71" hits="10" branch="True" condition-coverage="100% (4/4)">
              <conditions>
                <condition number="81" type="jump" coverage="100%" />
                <condition number="99" type="jump" coverage="100%" />
              </conditions>
            </line>
            <line number="72" hits="1" branch="False" />
            <line number="73" hits="1" branch="False" />
            <line number="74" hits="1" branch="False" />
            <line number="75" hits="1" branch="False" />
            <line number="76" hits="10" branch="False" />
            <line number="77" hits="1" branch="False" />
          </lines>
        </class>
        <class name="Lab12.MyCollection`2/&lt;GetEnumerator&gt;d__34" filename="source\repos\Lab12\MyCollection.cs" line-rate="1" branch-rate="1" complexity="6">
          <methods>
            <method name="MoveNext" signature="()" line-rate="1" branch-rate="1" complexity="6">
              <lines>
                <line number="286" hits="2" branch="False" />
                <line number="287" hits="44" branch="True" condition-coverage="100% (2/2)">
                  <conditions>
                    <condition number="207" type="jump" coverage="100%" />
                  </conditions>
                </line>
                <line number="288" hits="20" branch="False" />
                <line number="289" hits="20" branch="True" condition-coverage="100% (4/4)">
                  <conditions>
                    <condition number="66" type="jump" coverage="100%" />
                    <condition number="94" type="jump" coverage="100%" />
                  </conditions>
                </line>
                <line number="290" hits="2" branch="False" />
                <line number="291" hits="20" branch="False" />
                <line number="292" hits="2" branch="False" />
              </lines>
            </method>
          </methods>
          <lines>
            <line number="286" hits="2" branch="False" />
            <line number="287" hits="44" branch="True" condition-coverage="100% (2/2)">
              <conditions>
                <condition number="207" type="jump" coverage="100%" />
              </conditions>
            </line>
            <line number="288" hits="20" branch="False" />
            <line number="289" hits="20" branch="True" condition-coverage="100% (4/4)">
              <conditions>
                <condition number="66" type="jump" coverage="100%" />
                <condition number="94" type="jump" coverage="100%" />
              </conditions>
            </line>
            <line number="290" hits="2" branch="False" />
            <line number="291" hits="20" branch="False" />
            <line number="292" hits="2" branch="False" />
          </lines>
        </class>
        <class name="Lab12.MyHashTable`2" filename="source\repos\Lab12\MyHashTable.cs" line-rate="0.9795" branch-rate="0.9347" complexity="50">
          <methods>
            <method name="get_Capacity" signature="()" line-rate="1" branch-rate="1" complexity="1">
              <lines>
                <line number="26" hits="158" branch="False" />
              </lines>
            </method>
            <method name="get_Count" signature="()" line-rate="1" branch-rate="1" complexity="1">
              <lines>
                <line number="27" hits="58" branch="False" />
              </lines>
            </method>
            <method name="Print" signature="()" line-rate="1" branch-rate="1" complexity="8">
              <lines>
                <line number="37" hits="1" branch="False" />
                <line number="38" hits="1" branch="False" />
                <line number="39" hits="8" branch="True" condition-coverage="100% (2/2)">
                  <conditions>
                    <condition number="327" type="jump" coverage="100%" />
                  </conditions>
                </line>
                <line number="40" hits="3" branch="False" />
                <line number="41" hits="3" branch="False" />
                <line number="42" hits="3" branch="True" condition-coverage="100% (4/4)">
                  <conditions>
                    <condition number="142" type="jump" coverage="100%" />
                    <condition number="160" type="jump" coverage="100%" />
                  </conditions>
                </line>
                <line number="43" hits="1" branch="False" />
                <line number="44" hits="1" branch="False" />
                <line number="45" hits="1" branch="False" />
                <line number="47" hits="2" branch="False" />
                <line number="48" hits="2" branch="False" />
                <line number="49" hits="2" branch="False" />
                <line number="50" hits="3" branch="True" condition-coverage="100% (2/2)">
                  <conditions>
                    <condition number="296" type="jump" coverage="100%" />
                  </conditions>
                </line>
                <line number="51" hits="2" branch="False" />
                <line number="52" hits="3" branch="False" />
                <line number="53" hits="1" branch="False" />
              </lines>
            </method>
            <method name="GetIndex" signature="(TKey)" line-rate="1" branch-rate="1" complexity="1">
              <lines>
                <line number="56" hits="57" branch="False" />
                <line number="57" hits="57" branch="False" />
                <line number="58" hits="57" branch="False" />
              </lines>
            </method>
            <method name="AddData" signature="(TKey,TValue)" line-rate="1" branch-rate="0.8571" complexity="14">
              <lines>
                <line number="61" hits="55" branch="False" />
                <line number="62" hits="55" branch="True" condition-coverage="100% (2/2)">
                  <conditions>
                    <condition number="12" type="jump" coverage="100%" />
                  </conditions>
                </line>
                <line number="63" hits="55" branch="False" />
                <line number="64" hits="55" branch="False" />
                <line number="65" hits="55" branch="False" />
                <line number="67" hits="66" branch="True" condition-coverage="100% (4/4)">
                  <conditions>
                    <condition number="124" type="jump" coverage="100%" />
                    <condition number="104" type="jump" coverage="100%" />
                  </conditions>
                </line>
                <line number="68" hits="13" branch="False" />
                <line number="69" hits="13" branch="True" condition-coverage="100% (2/2)">
                  <conditions>
                    <condition number="62" type="jump" coverage="100%" />
                  </conditions>
                </line>
                <line number="70" hits="1" branch="False" />
                <line number="71" hits="12" branch="False" />
                <line number="72" hits="12" branch="False" />
                <line number="73" hits="12" branch="True" condition-coverage="100% (2/2)">
                  <conditions>
                    <condition number="91" type="jump" coverage="100%" />
                  </conditions>
                </line>
                <line number="74" hits="1" branch="False" />
                <line number="75" hits="11" branch="False" />
                <line number="77" hits="54" branch="True" condition-coverage="50% (2/4)">
                  <conditions>
                    <condition number="141" type="jump" coverage="50%" />
                    <condition number="166" type="jump" coverage="50%" />
                  </conditions>
                </line>
                <line number="78" hits="54" branch="False" />
                <line number="79" hits="55" branch="False" />
              </lines>
            </method>
            <method name="AddItem" signature="(TKey,TValue)" line-rate="1" branch-rate="1" complexity="8">
              <lines>
                <line number="82" hits="47" branch="False" />
                <line number="83" hits="47" branch="True" condition-coverage="100% (2/2)">
                  <conditions>
                    <condition number="28" type="jump" coverage="100%" />
                  </conditions>
                </line>
                <line number="84" hits="6" branch="False" />
                <line number="85" hits="6" branch="False" />
                <line number="86" hits="6" branch="False" />
                <line number="87" hits="6" branch="False" />
                <line number="88" hits="6" branch="False" />
                <line number="89" hits="6" branch="False" />
                <line number="91" hits="44" branch="True" condition-coverage="100% (2/2)">
                  <conditions>
                    <condition number="186" type="jump" coverage="100%" />
                  </conditions>
                </line>
                <line number="92" hits="16" branch="False" />
                <line number="93" hits="16" branch="True" condition-coverage="100% (4/4)">
                  <conditions>
                    <condition number="115" type="jump" coverage="100%" />
                    <condition number="130" type="jump" coverage="100%" />
                  </conditions>
                </line>
                <line number="94" hits="8" branch="False" />
                <line number="95" hits="8" branch="False" />
                <line number="96" hits="8" branch="False" />
                <line number="97" hits="8" branch="False" />
                <line number="98" hits="16" branch="False" />
                <line number="99" hits="6" branch="False" />
                <line number="101" hits="47" branch="False" />
                <line number="102" hits="47" branch="False" />
                <line number="103" hits="47" branch="False" />
              </lines>
            </method>
            <method name="FindByKey" signature="(TKey)" line-rate="0.9333" branch-rate="1" complexity="8">
              <lines>
                <line number="106" hits="14" branch="False" />
                <line number="107" hits="14" branch="False" />
                <line number="108" hits="14" branch="False" />
                <line number="109" hits="14" branch="False" />
                <line number="111" hits="19" branch="True" condition-coverage="100% (2/2)">
                  <conditions>
                    <condition number="137" type="jump" coverage="100%" />
                  </conditions>
                </line>
                <line number="112" hits="15" branch="False" />
                <line number="113" hits="15" branch="True" condition-coverage="100% (4/4)">
                  <conditions>
                    <condition number="42" type="jump" coverage="100%" />
                    <condition number="73" type="jump" coverage="100%" />
                  </conditions>
                </line>
                <line number="114" hits="10" branch="False" />
                <line number="115" hits="5" branch="False" />
                <line number="116" hits="5" branch="False" />
                <line number="117" hits="5" branch="True" condition-coverage="100% (2/2)">
                  <conditions>
                    <condition number="117" type="jump" coverage="100%" />
                  </conditions>
                </line>
                <line number="118" hits="0" branch="False" />
                <line number="119" hits="5" branch="False" />
                <line number="120" hits="4" branch="False" />
                <line number="121" hits="14" branch="False" />
              </lines>
            </method>
            <method name="RemoveByKey" signature="(TKey)" line-rate="0.9444" branch-rate="0.875" complexity="8">
              <lines>
                <line number="124" hits="11" branch="False" />
                <line number="125" hits="11" branch="False" />
                <line number="126" hits="11" branch="False" />
                <line number="127" hits="11" branch="False" />
                <line number="129" hits="13" branch="True" condition-coverage="100% (2/2)">
                  <conditions>
                    <condition number="149" type="jump" coverage="100%" />
                  </conditions>
                </line>
                <line number="130" hits="10" branch="False" />
                <line number="131" hits="10" branch="True" condition-coverage="75% (3/4)">
                  <conditions>
                    <condition number="42" type="jump" coverage="50%" />
                    <condition number="73" type="jump" coverage="100%" />
                  </conditions>
                </line>
                <line number="132" hits="8" branch="False" />
                <line number="133" hits="8" branch="False" />
                <line number="134" hits="8" branch="False" />
                <line number="135" hits="8" branch="False" />
                <line number="137" hits="2" branch="False" />
                <line number="138" hits="2" branch="False" />
                <line number="139" hits="2" branch="True" condition-coverage="100% (2/2)">
                  <conditions>
                    <condition number="129" type="jump" coverage="100%" />
                  </conditions>
                </line>
                <line number="140" hits="0" branch="False" />
                <line number="141" hits="2" branch="False" />
                <line number="142" hits="3" branch="False" />
                <line number="143" hits="11" branch="False" />
              </lines>
            </method>
            <method name=".ctor" signature="(System.Int32,System.Double)" line-rate="1" branch-rate="1" complexity="1">
              <lines>
                <line number="22" hits="33" branch="False" />
                <line number="29" hits="33" branch="False" />
                <line number="30" hits="33" branch="False" />
                <line number="31" hits="33" branch="False" />
                <line number="32" hits="33" branch="False" />
                <line number="33" hits="33" branch="False" />
                <line number="34" hits="33" branch="False" />
              </lines>
            </method>
          </methods>
          <lines>
            <line number="26" hits="158" branch="False" />
            <line number="27" hits="58" branch="False" />
            <line number="37" hits="1" branch="False" />
            <line number="38" hits="1" branch="False" />
            <line number="39" hits="8" branch="True" condition-coverage="100% (2/2)">
              <conditions>
                <condition number="327" type="jump" coverage="100%" />
              </conditions>
            </line>
            <line number="40" hits="3" branch="False" />
            <line number="41" hits="3" branch="False" />
            <line number="42" hits="3" branch="True" condition-coverage="100% (4/4)">
              <conditions>
                <condition number="142" type="jump" coverage="100%" />
                <condition number="160" type="jump" coverage="100%" />
              </conditions>
            </line>
            <line number="43" hits="1" branch="False" />
            <line number="44" hits="1" branch="False" />
            <line number="45" hits="1" branch="False" />
            <line number="47" hits="2" branch="False" />
            <line number="48" hits="2" branch="False" />
            <line number="49" hits="2" branch="False" />
            <line number="50" hits="3" branch="True" condition-coverage="100% (2/2)">
              <conditions>
                <condition number="296" type="jump" coverage="100%" />
              </conditions>
            </line>
            <line number="51" hits="2" branch="False" />
            <line number="52" hits="3" branch="False" />
            <line number="53" hits="1" branch="False" />
            <line number="56" hits="57" branch="False" />
            <line number="57" hits="57" branch="False" />
            <line number="58" hits="57" branch="False" />
            <line number="61" hits="55" branch="False" />
            <line number="62" hits="55" branch="True" condition-coverage="100% (2/2)">
              <conditions>
                <condition number="12" type="jump" coverage="100%" />
              </conditions>
            </line>
            <line number="63" hits="55" branch="False" />
            <line number="64" hits="55" branch="False" />
            <line number="65" hits="55" branch="False" />
            <line number="67" hits="66" branch="True" condition-coverage="100% (4/4)">
              <conditions>
                <condition number="124" type="jump" coverage="100%" />
                <condition number="104" type="jump" coverage="100%" />
              </conditions>
            </line>
            <line number="68" hits="13" branch="False" />
            <line number="69" hits="13" branch="True" condition-coverage="100% (2/2)">
              <conditions>
                <condition number="62" type="jump" coverage="100%" />
              </conditions>
            </line>
            <line number="70" hits="1" branch="False" />
            <line number="71" hits="12" branch="False" />
            <line number="72" hits="12" branch="False" />
            <line number="73" hits="12" branch="True" condition-coverage="100% (2/2)">
              <conditions>
                <condition number="91" type="jump" coverage="100%" />
              </conditions>
            </line>
            <line number="74" hits="1" branch="False" />
            <line number="75" hits="11" branch="False" />
            <line number="77" hits="54" branch="True" condition-coverage="50% (2/4)">
              <conditions>
                <condition number="141" type="jump" coverage="50%" />
                <condition number="166" type="jump" coverage="50%" />
              </conditions>
            </line>
            <line number="78" hits="54" branch="False" />
            <line number="79" hits="55" branch="False" />
            <line number="82" hits="47" branch="False" />
            <line number="83" hits="47" branch="True" condition-coverage="100% (2/2)">
              <conditions>
                <condition number="28" type="jump" coverage="100%" />
              </conditions>
            </line>
            <line number="84" hits="6" branch="False" />
            <line number="85" hits="6" branch="False" />
            <line number="86" hits="6" branch="False" />
            <line number="87" hits="6" branch="False" />
            <line number="88" hits="6" branch="False" />
            <line number="89" hits="6" branch="False" />
            <line number="91" hits="44" branch="True" condition-coverage="100% (2/2)">
              <conditions>
                <condition number="186" type="jump" coverage="100%" />
              </conditions>
            </line>
            <line number="92" hits="16" branch="False" />
            <line number="93" hits="16" branch="True" condition-coverage="100% (4/4)">
              <conditions>
                <condition number="115" type="jump" coverage="100%" />
                <condition number="130" type="jump" coverage="100%" />
              </conditions>
            </line>
            <line number="94" hits="8" branch="False" />
            <line number="95" hits="8" branch="False" />
            <line number="96" hits="8" branch="False" />
            <line number="97" hits="8" branch="False" />
            <line number="98" hits="16" branch="False" />
            <line number="99" hits="6" branch="False" />
            <line number="101" hits="47" branch="False" />
            <line number="102" hits="47" branch="False" />
            <line number="103" hits="47" branch="False" />
            <line number="106" hits="14" branch="False" />
            <line number="107" hits="14" branch="False" />
            <line number="108" hits="14" branch="False" />
            <line number="109" hits="14" branch="False" />
            <line number="111" hits="19" branch="True" condition-coverage="100% (2/2)">
              <conditions>
                <condition number="137" type="jump" coverage="100%" />
              </conditions>
            </line>
            <line number="112" hits="15" branch="False" />
            <line number="113" hits="15" branch="True" condition-coverage="100% (4/4)">
              <conditions>
                <condition number="42" type="jump" coverage="100%" />
                <condition number="73" type="jump" coverage="100%" />
              </conditions>
            </line>
            <line number="114" hits="10" branch="False" />
            <line number="115" hits="5" branch="False" />
            <line number="116" hits="5" branch="False" />
            <line number="117" hits="5" branch="True" condition-coverage="100% (2/2)">
              <conditions>
                <condition number="117" type="jump" coverage="100%" />
              </conditions>
            </line>
            <line number="118" hits="0" branch="False" />
            <line number="119" hits="5" branch="False" />
            <line number="120" hits="4" branch="False" />
            <line number="121" hits="14" branch="False" />
            <line number="124" hits="11" branch="False" />
            <line number="125" hits="11" branch="False" />
            <line number="126" hits="11" branch="False" />
            <line number="127" hits="11" branch="False" />
            <line number="129" hits="13" branch="True" condition-coverage="100% (2/2)">
              <conditions>
                <condition number="149" type="jump" coverage="100%" />
              </conditions>
            </line>
            <line number="130" hits="10" branch="False" />
            <line number="131" hits="10" branch="True" condition-coverage="75% (3/4)">
              <conditions>
                <condition number="42" type="jump" coverage="50%" />
                <condition number="73" type="jump" coverage="100%" />
              </conditions>
            </line>
            <line number="132" hits="8" branch="False" />
            <line number="133" hits="8" branch="False" />
            <line number="134" hits="8" branch="False" />
            <line number="135" hits="8" branch="False" />
            <line number="137" hits="2" branch="False" />
            <line number="138" hits="2" branch="False" />
            <line number="139" hits="2" branch="True" condition-coverage="100% (2/2)">
              <conditions>
                <condition number="129" type="jump" coverage="100%" />
              </conditions>
            </line>
            <line number="140" hits="0" branch="False" />
            <line number="141" hits="2" branch="False" />
            <line number="142" hits="3" branch="False" />
            <line number="143" hits="11" branch="False" />
            <line number="22" hits="33" branch="False" />
            <line number="29" hits="33" branch="False" />
            <line number="30" hits="33" branch="False" />
            <line number="31" hits="33" branch="False" />
            <line number="32" hits="33" branch="False" />
            <line number="33" hits="33" branch="False" />
            <line number="34" hits="33" branch="False" />
          </lines>
        </class>
        <class name="Lab12.MyHashTable`2/HashPair`2" filename="source\repos\Lab12\MyHashTable.cs" line-rate="1" branch-rate="1" complexity="3">
          <methods>
            <method name="get_Key" signature="()" line-rate="1" branch-rate="1" complexity="1">
              <lines>
                <line number="11" hits="99" branch="False" />
              </lines>
            </method>
            <method name="get_Value" signature="()" line-rate="1" branch-rate="1" complexity="1">
              <lines>
                <line number="12" hits="73" branch="False" />
              </lines>
            </method>
            <method name=".ctor" signature="(TKey,TValue)" line-rate="1" branch-rate="1" complexity="1">
              <lines>
                <line number="14" hits="54" branch="False" />
                <line number="15" hits="54" branch="False" />
                <line number="16" hits="54" branch="False" />
                <line number="17" hits="54" branch="False" />
                <line number="18" hits="54" branch="False" />
              </lines>
            </method>
          </methods>
          <lines>
            <line number="11" hits="99" branch="False" />
            <line number="12" hits="73" branch="False" />
            <line number="14" hits="54" branch="False" />
            <line number="15" hits="54" branch="False" />
            <line number="16" hits="54" branch="False" />
            <line number="17" hits="54" branch="False" />
            <line number="18" hits="54" branch="False" />
          </lines>
        </class>
        <class name="Lab12.MyList`1" filename="source\repos\Lab12\MyList.cs" line-rate="0.935" branch-rate="0.8234999999999999" complexity="54">
          <methods>
            <method name="get_Count" signature="()" line-rate="1" branch-rate="1" complexity="1">
              <lines>
                <line number="14" hits="17" branch="False" />
              </lines>
            </method>
            <method name="Add" signature="(T)" line-rate="1" branch-rate="0.75" complexity="4">
              <lines>
                <line number="50" hits="41" branch="False" />
                <line number="51" hits="41" branch="True" condition-coverage="50% (1/2)">
                  <conditions>
                    <condition number="12" type="jump" coverage="50%" />
                  </conditions>
                </line>
                <line number="52" hits="41" branch="False" />
                <line number="53" hits="41" branch="False" />
                <line number="54" hits="41" branch="True" condition-coverage="100% (2/2)">
                  <conditions>
                    <condition number="62" type="jump" coverage="100%" />
                  </conditions>
                </line>
                <line number="55" hits="30" branch="False" />
                <line number="56" hits="30" branch="False" />
                <line number="57" hits="30" branch="False" />
                <line number="58" hits="30" branch="False" />
                <line number="60" hits="11" branch="False" />
                <line number="61" hits="11" branch="False" />
                <line number="62" hits="11" branch="False" />
                <line number="63" hits="11" branch="False" />
                <line number="64" hits="11" branch="False" />
                <line number="65" hits="41" branch="False" />
                <line number="66" hits="41" branch="False" />
              </lines>
            </method>
            <method name="Remove" signature="(T)" line-rate="1" branch-rate="0.9285" complexity="14">
              <lines>
                <line number="69" hits="9" branch="False" />
                <line number="70" hits="9" branch="True" condition-coverage="50% (1/2)">
                  <conditions>
                    <condition number="12" type="jump" coverage="50%" />
                  </conditions>
                </line>
                <line number="71" hits="9" branch="False" />
                <line number="72" hits="11" branch="True" condition-coverage="100% (2/2)">
                  <conditions>
                    <condition number="263" type="jump" coverage="100%" />
                  </conditions>
                </line>
                <line number="73" hits="10" branch="False" />
                <line number="74" hits="10" branch="True" condition-coverage="100% (2/2)">
                  <conditions>
                    <condition number="58" type="jump" coverage="100%" />
                  </conditions>
                </line>
                <line number="75" hits="8" branch="False" />
                <line number="76" hits="8" branch="True" condition-coverage="100% (2/2)">
                  <conditions>
                    <condition number="77" type="jump" coverage="100%" />
                  </conditions>
                </line>
                <line number="77" hits="6" branch="False" />
                <line number="78" hits="6" branch="False" />
                <line number="79" hits="6" branch="True" condition-coverage="100% (2/2)">
                  <conditions>
                    <condition number="105" type="jump" coverage="100%" />
                  </conditions>
                </line>
                <line number="80" hits="2" branch="False" />
                <line number="82" hits="4" branch="False" />
                <line number="83" hits="6" branch="False" />
                <line number="84" hits="2" branch="True" condition-coverage="100% (2/2)">
                  <conditions>
                    <condition number="145" type="jump" coverage="100%" />
                  </conditions>
                </line>
                <line number="85" hits="1" branch="False" />
                <line number="86" hits="1" branch="False" />
                <line number="87" hits="1" branch="True" condition-coverage="100% (2/2)">
                  <conditions>
                    <condition number="173" type="jump" coverage="100%" />
                  </conditions>
                </line>
                <line number="88" hits="1" branch="False" />
                <line number="89" hits="1" branch="False" />
                <line number="91" hits="1" branch="False" />
                <line number="92" hits="1" branch="False" />
                <line number="93" hits="1" branch="False" />
                <line number="94" hits="1" branch="False" />
                <line number="95" hits="8" branch="False" />
                <line number="96" hits="8" branch="False" />
                <line number="98" hits="2" branch="False" />
                <line number="99" hits="2" branch="False" />
                <line number="100" hits="1" branch="False" />
                <line number="101" hits="9" branch="False" />
              </lines>
            </method>
            <method name="RemoveByName" signature="(System.String)" line-rate="1" branch-rate="0.875" complexity="8">
              <lines>
                <line number="104" hits="5" branch="False" />
                <line number="105" hits="6" branch="True" condition-coverage="100% (2/2)">
                  <conditions>
                    <condition number="9" type="jump" coverage="100%" />
                  </conditions>
                </line>
                <line number="106" hits="4" branch="False" />
                <line number="107" hits="4" branch="False" />
                <line number="108" hits="8" branch="True" condition-coverage="100% (2/2)">
                  <conditions>
                    <condition number="110" type="jump" coverage="100%" />
                  </conditions>
                </line>
                <line number="109" hits="4" branch="False" />
                <line number="110" hits="4" branch="False" />
                <line number="111" hits="4" branch="True" condition-coverage="75% (3/4)">
                  <conditions>
                    <condition number="55" type="jump" coverage="50%" />
                    <condition number="77" type="jump" coverage="100%" />
                  </conditions>
                </line>
                <line number="112" hits="3" branch="False" />
                <line number="113" hits="3" branch="False" />
                <line number="114" hits="3" branch="False" />
                <line number="115" hits="3" branch="False" />
                <line number="116" hits="4" branch="False" />
                <line number="117" hits="4" branch="False" />
                <line number="118" hits="4" branch="False" />
                <line number="119" hits="5" branch="False" />
              </lines>
            </method>
            <method name="AddKToStart" signature="(System.Int32)" line-rate="0.8965000000000001" branch-rate="0.7272" complexity="11">
              <lines>
                <line number="122" hits="5" branch="False" />
                <line number="123" hits="6" branch="True" condition-coverage="100% (2/2)">
                  <conditions>
                    <condition number="7" type="jump" coverage="100%" />
                  </conditions>
                </line>
                <line number="124" hits="4" branch="False" />
                <line number="125" hits="18" branch="True" condition-coverage="100% (2/2)">
                  <conditions>
                    <condition number="474" type="jump" coverage="100%" />
                  </conditions>
                </line>
                <line number="126" hits="5" branch="False" />
                <line number="127" hits="5" branch="False" />
                <line number="128" hits="5" branch="True" condition-coverage="40% (2/5)">
                  <conditions>
                    <condition number="44" type="switch" coverage="40%" />
                  </conditions>
                </line>
                <line number="129" hits="5" branch="False" />
                <line number="130" hits="2" branch="False" />
                <line number="131" hits="0" branch="False" />
                <line number="132" hits="0" branch="False" />
                <line number="133" hits="3" branch="False" />
                <line number="134" hits="0" branch="False" />
                <line number="135" hits="5" branch="False" />
                <line number="136" hits="5" branch="False" />
                <line number="137" hits="5" branch="False" />
                <line number="138" hits="5" branch="True" condition-coverage="100% (2/2)">
                  <conditions>
                    <condition number="387" type="jump" coverage="100%" />
                  </conditions>
                </line>
                <line number="139" hits="3" branch="False" />
                <line number="140" hits="3" branch="False" />
                <line number="141" hits="3" branch="False" />
                <line number="142" hits="3" branch="False" />
                <line number="144" hits="2" branch="False" />
                <line number="145" hits="2" branch="False" />
                <line number="146" hits="2" branch="False" />
                <line number="147" hits="2" branch="False" />
                <line number="148" hits="2" branch="False" />
                <line number="149" hits="5" branch="False" />
                <line number="150" hits="5" branch="False" />
                <line number="151" hits="5" branch="False" />
              </lines>
            </method>
            <method name="DeepCopyList" signature="()" line-rate="1" branch-rate="1" complexity="2">
              <lines>
                <line number="154" hits="4" branch="False" />
                <line number="155" hits="4" branch="False" />
                <line number="156" hits="4" branch="False" />
                <line number="157" hits="7" branch="True" condition-coverage="100% (2/2)">
                  <conditions>
                    <condition number="67" type="jump" coverage="100%" />
                  </conditions>
                </line>
                <line number="158" hits="3" branch="False" />
                <line number="159" hits="3" branch="False" />
                <line number="160" hits="3" branch="False" />
                <line number="161" hits="3" branch="False" />
                <line number="162" hits="3" branch="False" />
                <line number="163" hits="4" branch="False" />
                <line number="164" hits="4" branch="False" />
              </lines>
            </method>
            <method name="DeleteList" signature="()" line-rate="0.8823000000000001" branch-rate="0.75" complexity="4">
              <lines>
                <line number="167" hits="3" branch="False" />
                <line number="168" hits="3" branch="True" condition-coverage="50% (1/2)">
                  <conditions>
                    <condition number="12" type="jump" coverage="50%" />
                  </conditions>
                </line>
                <line number="169" hits="0" branch="False" />
                <line number="170" hits="0" branch="False" />
                <line number="172" hits="3" branch="False" />
                <line number="173" hits="6" branch="True" condition-coverage="100% (2/2)">
                  <conditions>
                    <condition number="77" type="jump" coverage="100%" />
                  </conditions>
                </line>
                <line number="174" hits="3" branch="False" />
                <line number="175" hits="3" branch="False" />
                <line number="176" hits="3" branch="False" />
                <line number="177" hits="3" branch="False" />
                <line number="178" hits="3" branch="False" />
                <line number="179" hits="3" branch="False" />
                <line number="180" hits="3" branch="False" />
                <line number="181" hits="3" branch="False" />
                <line number="182" hits="3" branch="False" />
                <line number="183" hits="3" branch="False" />
                <line number="184" hits="3" branch="False" />
              </lines>
            </method>
            <method name="System.Collections.IEnumerable.GetEnumerator" signature="()" line-rate="0" branch-rate="1" complexity="1">
              <lines>
                <line number="197" hits="0" branch="False" />
                <line number="198" hits="0" branch="False" />
                <line number="199" hits="0" branch="False" />
              </lines>
            </method>
            <method name=".ctor" signature="()" line-rate="1" branch-rate="1" complexity="1">
[...]
                <line number="182" hits="0" branch="False" />
                <line number="183" hits="0" branch="False" />
                <line number="184" hits="0" branch="False" />
                <line number="185" hits="0" branch="False" />
              </lines>
            </method>
            <method name="Init" signature="()" line-rate="0" branch-rate="1" complexity="1">
              <lines>
                <line number="188" hits="0" branch="False" />
                <line number="189" hits="0" branch="False" />
                <line number="190" hits="0" branch="False" />
                <line number="191" hits="0" branch="False" />
                <line number="192" hits="0" branch="False" />
                <line number="193" hits="0" branch="False" />
              </lines>
            </method>
            <method name="RandomInit" signature="()" line-rate="0" branch-rate="1" complexity="1">
              <lines>
                <line number="196" hits="0" branch="False" />
                <line number="197" hits="0" branch="False" />
                <line number="198" hits="0" branch="False" />
                <line number="199" hits="0" branch="False" />
              </lines>
            </method>
            <method name="Equals" signature="(System.Object)" line-rate="0" branch-rate="0" complexity="2">
              <lines>
                <line number="202" hits="0" branch="False" />
                <line number="203" hits="0" branch="True" condition-coverage="0% (0/2)">
                  <conditions>
                    <condition number="13" type="jump" coverage="0%" />
                  </conditions>
                </line>
                <line number="204" hits="0" branch="False" />
                <line number="205" hits="0" branch="False" />
                <line number="206" hits="0" branch="False" />
                <line number="207" hits="0" branch="False" />
              </lines>
            </method>
            <method name="Clone" signature="()" line-rate="1" branch-rate="1" complexity="1">
              <lines>
                <line number="210" hits="4" branch="False" />
                <line number="211" hits="4" branch="False" />
                <line number="212" hits="4" branch="False" />
                <line number="213" hits="4" branch="False" />
              </lines>
            </method>
            <method name=".ctor" signature="(System.String,System.String,System.Double,System.Int32)" line-rate="1" branch-rate="1" complexity="1">
              <lines>
                <line number="172" hits="8" branch="False" />
                <line number="173" hits="8" branch="False" />
                <line number="174" hits="8" branch="False" />
                <line number="175" hits="8" branch="False" />
              </lines>
            </method>
            <method name=".ctor" signature="()" line-rate="0" branch-rate="1" complexity="1">
              <lines>
                <line number="177" hits="0" branch="False" />
                <line number="178" hits="0" branch="False" />
                <line number="179" hits="0" branch="False" />
              </lines>
            </method>
            <method name=".cctor" signature="()" line-rate="0" branch-rate="1" complexity="1">
              <lines>
                <line number="158" hits="0" branch="False" />
              </lines>
            </method>
          </methods>
          <lines>
            <line number="162" hits="24" branch="False" />
            <line number="164" hits="8" branch="False" />
            <line number="165" hits="8" branch="True" condition-coverage="50% (1/2)">
              <conditions>
                <condition number="18" type="jump" coverage="50%" />
              </conditions>
            </line>
            <line number="166" hits="8" branch="False" />
            <line number="168" hits="0" branch="False" />
            <line number="169" hits="8" branch="False" />
            <line number="182" hits="0" branch="False" />
            <line number="183" hits="0" branch="False" />
            <line number="184" hits="0" branch="False" />
            <line number="185" hits="0" branch="False" />
            <line number="188" hits="0" branch="False" />
            <line number="189" hits="0" branch="False" />
            <line number="190" hits="0" branch="False" />
            <line number="191" hits="0" branch="False" />
            <line number="192" hits="0" branch="False" />
            <line number="193" hits="0" branch="False" />
            <line number="196" hits="0" branch="False" />
            <line number="197" hits="0" branch="False" />
            <line number="198" hits="0" branch="False" />
            <line number="199" hits="0" branch="False" />
            <line number="202" hits="0" branch="False" />
            <line number="203" hits="0" branch="True" condition-coverage="0% (0/2)">
              <conditions>
                <condition number="13" type="jump" coverage="0%" />
              </conditions>
            </line>
            <line number="204" hits="0" branch="False" />
            <line number="205" hits="0" branch="False" />
            <line number="206" hits="0" branch="False" />
            <line number="207" hits="0" branch="False" />
            <line number="210" hits="4" branch="False" />
            <line number="211" hits="4" branch="False" />
            <line number="212" hits="4" branch="False" />
            <line number="213" hits="4" branch="False" />
            <line number="172" hits="8" branch="False" />
            <line number="173" hits="8" branch="False" />
            <line number="174" hits="8" branch="False" />
            <line number="175" hits="8" branch="False" />
            <line number="177" hits="0" branch="False" />
            <line number="178" hits="0" branch="False" />
            <line number="179" hits="0" branch="False" />
            <line number="158" hits="0" branch="False" />
          </lines>
        </class>
        <class name="Plants.Flower" filename="Downloads\Labor.10-main\Labor.10-main\Plants\Plants.cs" line-rate="0.3513" branch-rate="0.25" complexity="12">
          <methods>
            <method name="get_Smell" signature="()" line-rate="0" branch-rate="1" complexity="1">
              <lines>
                <line number="223" hits="0" branch="False" />
              </lines>
            </method>
            <method name="set_Smell" signature="(System.String)" line-rate="0.8" branch-rate="0.5" complexity="2">
              <lines>
                <line number="225" hits="6" branch="False" />
                <line number="226" hits="6" branch="True" condition-coverage="50% (1/2)">
                  <conditions>
                    <condition number="12" type="jump" coverage="50%" />
                  </conditions>
                </line>
                <line number="227" hits="6" branch="False" />
                <line number="229" hits="0" branch="False" />
                <line number="230" hits="6" branch="False" />
              </lines>
            </method>
            <method name="Show" signature="()" line-rate="0" branch-rate="1" complexity="1">
              <lines>
                <line number="243" hits="0" branch="False" />
                <line number="244" hits="0" branch="False" />
                <line number="245" hits="0" branch="False" />
                <line number="246" hits="0" branch="False" />
              </lines>
            </method>
            <method name="Init" signature="()" line-rate="0" branch-rate="1" complexity="1">
              <lines>
                <line number="249" hits="0" branch="False" />
                <line number="250" hits="0" branch="False" />
                <line number="251" hits="0" branch="False" />
                <line number="252" hits="0" branch="False" />
                <line number="253" hits="0" branch="False" />
              </lines>
            </method>
            <method name="RandomInit" signature="()" line-rate="1" branch-rate="1" complexity="1">
              <lines>
                <line number="256" hits="3" branch="False" />
                <line number="257" hits="3" branch="False" />
                <line number="258" hits="3" branch="False" />
                <line number="259" hits="3" branch="False" />
              </lines>
            </method>
            <method name="Equals" signature="(System.Object)" line-rate="0" branch-rate="0" complexity="2">
              <lines>
                <line number="262" hits="0" branch="False" />
                <line number="263" hits="0" branch="True" condition-coverage="0% (0/2)">
                  <conditions>
                    <condition number="13" type="jump" coverage="0%" />
                  </conditions>
                </line>
                <line number="264" hits="0" branch="False" />
                <line number="265" hits="0" branch="False" />
                <line number="266" hits="0" branch="False" />
                <line number="267" hits="0" branch="False" />
              </lines>
            </method>
            <method name="Clone" signature="()" line-rate="0" branch-rate="1" complexity="1">
              <lines>
                <line number="270" hits="0" branch="False" />
                <line number="271" hits="0" branch="False" />
                <line number="272" hits="0" branch="False" />
                <line number="273" hits="0" branch="False" />
              </lines>
            </method>
            <method name=".ctor" signature="(System.String,System.String,System.String,System.Int32)" line-rate="1" branch-rate="1" complexity="1">
              <lines>
                <line number="233" hits="3" branch="False" />
                <line number="234" hits="3" branch="False" />
                <line number="235" hits="3" branch="False" />
                <line number="236" hits="3" branch="False" />
              </lines>
            </method>
            <method name=".ctor" signature="()" line-rate="0" branch-rate="1" complexity="1">
              <lines>
                <line number="238" hits="0" branch="False" />
                <line number="239" hits="0" branch="False" />
                <line number="240" hits="0" branch="False" />
              </lines>
            </method>
            <method name=".cctor" signature="()" line-rate="1" branch-rate="1" complexity="1">
              <lines>
                <line number="219" hits="1" branch="False" />
              </lines>
            </method>
          </methods>
          <lines>
            <line number="223" hits="0" branch="False" />
            <line number="225" hits="6" branch="False" />
            <line number="226" hits="6" branch="True" condition-coverage="50% (1/2)">
              <conditions>
                <condition number="12" type="jump" coverage="50%" />
              </conditions>
            </line>
            <line number="227" hits="6" branch="False" />
            <line number="229" hits="0" branch="False" />
            <line number="230" hits="6" branch="False" />
            <line number="243" hits="0" branch="False" />
            <line number="244" hits="0" branch="False" />
            <line number="245" hits="0" branch="False" />
            <line number="246" hits="0" branch="False" />
            <line number="249" hits="0" branch="False" />
            <line number="250" hits="0" branch="False" />
            <line number="251" hits="0" branch="False" />
            <line number="252" hits="0" branch="False" />
            <line number="253" hits="0" branch="False" />
            <line number="256" hits="3" branch="False" />
            <line number="257" hits="3" branch="False" />
            <line number="258" hits="3" branch="False" />
            <line number="259" hits="3" branch="False" />
            <line number="262" hits="0" branch="False" />
            <line number="263" hits="0" branch="True" condition-coverage="0% (0/2)">
              <conditions>
                <condition number="13" type="jump" coverage="0%" />
              </conditions>
            </line>
            <line number="264" hits="0" branch="False" />
            <line number="265" hits="0" branch="False" />
            <line number="266" hits="0" branch="False" />
            <line number="267" hits="0" branch="False" />
            <line number="270" hits="0" branch="False" />
            <line number="271" hits="0" branch="False" />
            <line number="272" hits="0" branch="False" />
            <line number="273" hits="0" branch="False" />
            <line number="233" hits="3" branch="False" />
            <line number="234" hits="3" branch="False" />
            <line number="235" hits="3" branch="False" />
            <line number="236" hits="3" branch="False" />
            <line number="238" hits="0" branch="False" />
            <line number="239" hits="0" branch="False" />
            <line number="240" hits="0" branch="False" />
            <line number="219" hits="1" branch="False" />
          </lines>
        </class>
        <class name="Plants.Rose" filename="Downloads\Labor.10-main\Labor.10-main\Plants\Plants.cs" line-rate="0.29410000000000003" branch-rate="0" complexity="12">
          <methods>
            <method name="get_HasThorns" signature="()" line-rate="0" branch-rate="1" complexity="1">
              <lines>
                <line number="283" hits="0" branch="False" />
              </lines>
            </method>
            <method name="set_HasThorns" signature="(System.Boolean)" line-rate="1" branch-rate="1" complexity="1">
              <lines>
                <line number="284" hits="18" branch="False" />
              </lines>
            </method>
            <method name="Show" signature="()" line-rate="0" branch-rate="0" complexity="2">
              <lines>
                <line number="297" hits="0" branch="False" />
                <line number="298" hits="0" branch="False" />
                <line number="299" hits="0" branch="True" condition-coverage="0% (0/2)">
                  <conditions>
                    <condition number="19" type="jump" coverage="0%" />
                  </conditions>
                </line>
                <line number="300" hits="0" branch="False" />
              </lines>
            </method>
            <method name="Init" signature="()" line-rate="0" branch-rate="1" complexity="1">
              <lines>
                <line number="303" hits="0" branch="False" />
                <line number="304" hits="0" branch="False" />
                <line number="305" hits="0" branch="False" />
                <line number="306" hits="0" branch="False" />
                <line number="307" hits="0" branch="False" />
                <line number="308" hits="0" branch="False" />
              </lines>
            </method>
            <method name="RandomInit" signature="()" line-rate="1" branch-rate="1" complexity="1">
              <lines>
                <line number="311" hits="3" branch="False" />
                <line number="312" hits="3" branch="False" />
                <line number="313" hits="3" branch="False" />
                <line number="314" hits="3" branch="False" />
              </lines>
            </method>
            <method name="Equals" signature="(System.Object)" line-rate="0" branch-rate="0" complexity="2">
              <lines>
                <line number="317" hits="0" branch="False" />
                <line number="318" hits="0" branch="True" condition-coverage="0% (0/2)">
                  <conditions>
                    <condition number="13" type="jump" coverage="0%" />
                  </conditions>
                </line>
                <line number="319" hits="0" branch="False" />
                <line number="320" hits="0" branch="False" />
                <line number="321" hits="0" branch="False" />
                <line number="322" hits="0" branch="False" />
              </lines>
            </method>
            <method name="Clone" signature="()" line-rate="0" branch-rate="1" complexity="1">
              <lines>
                <line number="325" hits="0" branch="False" />
                <line number="326" hits="0" branch="False" />
                <line number="327" hits="0" branch="False" />
                <line number="328" hits="0" branch="False" />
              </lines>
            </method>
            <method name=".ctor" signature="(System.String,System.String,System.String,System.Boolean,System.Int32)" line-rate="1" branch-rate="1" complexity="1">
              <lines>
                <line number="287" hits="3" branch="False" />
                <line number="288" hits="3" branch="False" />
                <line number="289" hits="3" branch="False" />
                <line number="290" hits="3" branch="False" />
              </lines>
            </method>
            <method name=".ctor" signature="()" line-rate="0" branch-rate="1" complexity="1">
              <lines>
                <line number="292" hits="0" branch="False" />
                <line number="293" hits="0" branch="False" />
                <line number="294" hits="0" branch="False" />
              </lines>
            </method>
            <method name=".cctor" signature="()" line-rate="1" branch-rate="1" complexity="1">
              <lines>
                <line number="279" hits="1" branch="False" />
              </lines>
            </method>
          </methods>
          <lines>
            <line number="283" hits="0" branch="False" />
            <line number="284" hits="18" branch="False" />
            <line number="297" hits="0" branch="False" />
            <line number="298" hits="0" branch="False" />
            <line number="299" hits="0" branch="True" condition-coverage="0% (0/2)">
              <conditions>
                <condition number="19" type="jump" coverage="0%" />
              </conditions>
            </line>
            <line number="300" hits="0" branch="False" />
            <line number="303" hits="0" branch="False" />
            <line number="304" hits="0" branch="False" />
            <line number="305" hits="0" branch="False" />
            <line number="306" hits="0" branch="False" />
            <line number="307" hits="0" branch="False" />
            <line number="308" hits="0" branch="False" />
            <line number="311" hits="3" branch="False" />
            <line number="312" hits="3" branch="False" />
            <line number="313" hits="3" branch="False" />
            <line number="314" hits="3" branch="False" />
            <line number="317" hits="0" branch="False" />
            <line number="318" hits="0" branch="True" condition-coverage="0% (0/2)">
              <conditions>
                <condition number="13" type="jump" coverage="0%" />
              </conditions>
            </line>
            <line number="319" hits="0" branch="False" />
            <line number="320" hits="0" branch="False" />
            <line number="321" hits="0" branch="False" />
            <line number="322" hits="0" branch="False" />
            <line number="325" hits="0" branch="False" />
            <line number="326" hits="0" branch="False" />
            <line number="327" hits="0" branch="False" />
            <line number="328" hits="0" branch="False" />
            <line number="287" hits="3" branch="False" />
            <line number="288" hits="3" branch="False" />
            <line number="289" hits="3" branch="False" />
            <line number="290" hits="3" branch="False" />
            <line number="292" hits="0" branch="False" />
            <line number="293" hits="0" branch="False" />
            <line number="294" hits="0" branch="False" />
            <line number="279" hits="1" branch="False" />
          </lines>
        </class>
      </classes>
    </package>
  </packages>
</coverage>